#! /usr/bin/vvp
:ivl_version "11.0 (stable)";
:ivl_delay_selection "TYPICAL";
:vpi_time_precision + 0;
:vpi_module "/usr/lib/x86_64-linux-gnu/ivl/system.vpi";
:vpi_module "/usr/lib/x86_64-linux-gnu/ivl/vhdl_sys.vpi";
:vpi_module "/usr/lib/x86_64-linux-gnu/ivl/vhdl_textio.vpi";
:vpi_module "/usr/lib/x86_64-linux-gnu/ivl/v2005_math.vpi";
:vpi_module "/usr/lib/x86_64-linux-gnu/ivl/va_math.vpi";
S_0x5a3994dd2de0 .scope module, "gpu_core_1" "gpu_core_1" 2 1;
 .timescale 0 0;
    .port_info 0 /INPUT 1 "clk";
    .port_info 1 /INPUT 1 "reset";
    .port_info 2 /INPUT 1 "val_ins";
    .port_info 3 /INPUT 1 "val_mask_R0";
    .port_info 4 /INPUT 1 "val_mask_ac";
    .port_info 5 /INPUT 1 "val_R0";
    .port_info 6 /INPUT 1 "val_data";
    .port_info 7 /INPUT 16 "instruction";
    .port_info 8 /OUTPUT 12 "addr_shared_memory";
    .port_info 9 /INPUT 8 "mem_dat";
    .port_info 10 /OUTPUT 8 "mem_dat_st";
    .port_info 11 /INPUT 4 "core_id";
    .port_info 12 /OUTPUT 1 "rtr";
    .port_info 13 /OUTPUT 1 "mem_req_ld";
    .port_info 14 /OUTPUT 1 "mem_req_st";
    .port_info 15 /OUTPUT 1 "ready";
P_0x5a3994dd2f70 .param/l "D" 0 2 22, C4<0010>;
P_0x5a3994dd2fb0 .param/l "E" 0 2 22, C4<0011>;
P_0x5a3994dd2ff0 .param/l "F" 0 2 22, C4<0001>;
P_0x5a3994dd3030 .param/l "M" 0 2 22, C4<0100>;
P_0x5a3994dd3070 .param/l "M_W" 0 2 22, C4<0101>;
P_0x5a3994dd30b0 .param/l "NA" 0 2 22, C4<0111>;
P_0x5a3994dd30f0 .param/l "RI" 0 2 22, C4<0000>;
P_0x5a3994dd3130 .param/l "WB" 0 2 22, C4<0110>;
v0x5a3994dfff40_0 .var "A", 7 0;
v0x5a3994e015e0_0 .var "B_E", 7 0;
v0x5a3994e02a50_0 .var "B_M", 7 0;
v0x5a3994e06490_0 .var "D_WB", 7 0;
v0x5a3994e07f10_0 .var "IR_D", 15 0;
v0x5a3994e09460_0 .var "IR_E", 15 0;
v0x5a3994e323c0_0 .var "IR_M", 15 0;
v0x5a3994e51f70_0 .var "IR_WB", 15 0;
v0x5a3994e52050_0 .var "O_M", 11 0;
v0x5a3994e52130_0 .var "O_WB", 11 0;
v0x5a3994e52210_0 .var "PC", 3 0;
v0x5a3994e522f0_0 .var "PC_D", 3 0;
v0x5a3994e523d0_0 .var "PC_E", 3 0;
v0x5a3994e524b0 .array "RF", 15 0, 7 0;
v0x5a3994e52570_0 .var "addr_shared_memory", 11 0;
v0x5a3994e52650_0 .var "br_target", 3 0;
v0x5a3994e52730_0 .var "br_tkn", 0 0;
o0x7fa152c87318 .functor BUFZ 1, C4<z>; HiZ drive
v0x5a3994e52900_0 .net "clk", 0 0, o0x7fa152c87318;  0 drivers
o0x7fa152c87348 .functor BUFZ 4, C4<zzzz>; HiZ drive
v0x5a3994e529c0_0 .net "core_id", 3 0, o0x7fa152c87348;  0 drivers
v0x5a3994e52aa0_0 .var "cos", 0 0;
v0x5a3994e52b60_0 .var "data_to_store_E", 7 0;
v0x5a3994e52c40_0 .var "data_to_store_M", 7 0;
v0x5a3994e52d20_0 .var/i "i", 31 0;
v0x5a3994e52e00 .array "ins_mem", 15 0, 15 0;
o0x7fa152c87438 .functor BUFZ 16, C4<zzzzzzzzzzzzzzzz>; HiZ drive
v0x5a3994e52ec0_0 .net "instruction", 15 0, o0x7fa152c87438;  0 drivers
o0x7fa152c87468 .functor BUFZ 8, C4<zzzzzzzz>; HiZ drive
v0x5a3994e52fa0_0 .net "mem_dat", 7 0, o0x7fa152c87468;  0 drivers
v0x5a3994e53080_0 .var "mem_dat_st", 7 0;
v0x5a3994e53160_0 .var "mem_req_ld", 0 0;
v0x5a3994e53220_0 .var "mem_req_st", 0 0;
v0x5a3994e532e0_0 .var "ready", 0 0;
o0x7fa152c87558 .functor BUFZ 1, C4<z>; HiZ drive
v0x5a3994e533a0_0 .net "reset", 0 0, o0x7fa152c87558;  0 drivers
v0x5a3994e53460_0 .var "rtr", 0 0;
v0x5a3994e53520_0 .var "state", 3 0;
o0x7fa152c875e8 .functor BUFZ 1, C4<z>; HiZ drive
v0x5a3994e53810_0 .net "val_R0", 0 0, o0x7fa152c875e8;  0 drivers
o0x7fa152c87618 .functor BUFZ 1, C4<z>; HiZ drive
v0x5a3994e538d0_0 .net "val_data", 0 0, o0x7fa152c87618;  0 drivers
o0x7fa152c87648 .functor BUFZ 1, C4<z>; HiZ drive
v0x5a3994e53990_0 .net "val_ins", 0 0, o0x7fa152c87648;  0 drivers
o0x7fa152c87678 .functor BUFZ 1, C4<z>; HiZ drive
v0x5a3994e53a50_0 .net "val_mask_R0", 0 0, o0x7fa152c87678;  0 drivers
o0x7fa152c876a8 .functor BUFZ 1, C4<z>; HiZ drive
v0x5a3994e53b10_0 .net "val_mask_ac", 0 0, o0x7fa152c876a8;  0 drivers
E_0x5a3994e0ba20 .event posedge, v0x5a3994e52900_0;
    .scope S_0x5a3994dd2de0;
T_0 ;
    %pushi/vec4 0, 0, 4;
    %store/vec4 v0x5a3994e53520_0, 0, 4;
    %pushi/vec4 0, 0, 32;
    %store/vec4 v0x5a3994e52d20_0, 0, 32;
    %pushi/vec4 1, 0, 1;
    %store/vec4 v0x5a3994e52aa0_0, 0, 1;
    %end;
    .thread T_0;
    .scope S_0x5a3994dd2de0;
T_1 ;
    %wait E_0x5a3994e0ba20;
    %load/vec4 v0x5a3994e533a0_0;
    %flag_set/vec4 8;
    %jmp/0xz  T_1.0, 8;
    %pushi/vec4 0, 0, 4;
    %assign/vec4 v0x5a3994e52210_0, 0;
    %pushi/vec4 0, 0, 1;
    %assign/vec4 v0x5a3994e532e0_0, 0;
    %pushi/vec4 1, 0, 1;
    %assign/vec4 v0x5a3994e53460_0, 0;
    %pushi/vec4 0, 0, 1;
    %assign/vec4 v0x5a3994e52730_0, 0;
    %pushi/vec4 0, 0, 4;
    %assign/vec4 v0x5a3994e52650_0, 0;
    %pushi/vec4 0, 0, 4;
    %assign/vec4 v0x5a3994e53520_0, 0;
T_1.0 ;
    %jmp T_1;
    .thread T_1;
    .scope S_0x5a3994dd2de0;
T_2 ;
    %wait E_0x5a3994e0ba20;
    %load/vec4 v0x5a3994e533a0_0;
    %nor/r;
    %load/vec4 v0x5a3994e53520_0;
    %pushi/vec4 0, 0, 4;
    %cmp/e;
    %flag_get/vec4 4;
    %and;
    %flag_set/vec4 8;
    %jmp/0xz  T_2.0, 8;
    %pushi/vec4 1, 0, 1;
    %store/vec4 v0x5a3994e52aa0_0, 0, 1;
    %pushi/vec4 1, 0, 1;
    %assign/vec4 v0x5a3994e53460_0, 0;
    %load/vec4 v0x5a3994e53b10_0;
    %load/vec4 v0x5a3994e52ec0_0;
    %load/vec4 v0x5a3994e529c0_0;
    %part/u 1;
    %nor/r;
    %and;
    %flag_set/vec4 8;
    %jmp/0xz  T_2.2, 8;
    %pushi/vec4 7, 0, 4;
    %assign/vec4 v0x5a3994e53520_0, 0;
T_2.2 ;
    %load/vec4 v0x5a3994e53a50_0;
    %load/vec4 v0x5a3994e52ec0_0;
    %load/vec4 v0x5a3994e529c0_0;
    %part/u 1;
    %and;
    %flag_set/vec4 8;
    %jmp/0xz  T_2.4, 8;
    %pushi/vec4 1, 0, 8;
    %ix/load 3, 0, 0;
    %flag_set/imm 4, 0;
    %ix/load 4, 0, 0; Constant delay
    %assign/vec4/a/d v0x5a3994e524b0, 0, 4;
    %jmp T_2.5;
T_2.4 ;
    %pushi/vec4 0, 0, 8;
    %ix/load 3, 0, 0;
    %flag_set/imm 4, 0;
    %ix/load 4, 0, 0; Constant delay
    %assign/vec4/a/d v0x5a3994e524b0, 0, 4;
T_2.5 ;
    %load/vec4 v0x5a3994e53810_0;
    %pad/u 8;
    %ix/load 4, 0, 0;
    %flag_set/imm 4, 0;
    %load/vec4a v0x5a3994e524b0, 4;
    %and;
    %cmpi/ne 0, 0, 8;
    %jmp/0xz  T_2.6, 4;
    %load/vec4 v0x5a3994e52ec0_0;
    %parti/s 8, 0, 2;
    %ix/load 3, 0, 0;
    %flag_set/imm 4, 0;
    %ix/load 4, 0, 0; Constant delay
    %assign/vec4/a/d v0x5a3994e524b0, 0, 4;
T_2.6 ;
    %load/vec4 v0x5a3994e53990_0;
    %flag_set/vec4 8;
    %jmp/0xz  T_2.8, 8;
    %pushi/vec4 0, 0, 1;
    %assign/vec4 v0x5a3994e532e0_0, 0;
    %load/vec4 v0x5a3994e52ec0_0;
    %ix/getv/s 3, v0x5a3994e52d20_0;
    %ix/load 4, 0, 0; Constant delay
    %assign/vec4/a/d v0x5a3994e52e00, 0, 4;
    %load/vec4 v0x5a3994e52d20_0;
    %addi 1, 0, 32;
    %store/vec4 v0x5a3994e52d20_0, 0, 32;
    %jmp T_2.9;
T_2.8 ;
    %ix/getv/s 4, v0x5a3994e52d20_0;
    %load/vec4a v0x5a3994e52e00, 4;
    %ix/getv/s 3, v0x5a3994e52d20_0;
    %ix/load 4, 0, 0; Constant delay
    %assign/vec4/a/d v0x5a3994e52e00, 0, 4;
T_2.9 ;
    %load/vec4 v0x5a3994e52d20_0;
    %cmpi/e 16, 0, 32;
    %jmp/0xz  T_2.10, 4;
    %pushi/vec4 1, 0, 4;
    %assign/vec4 v0x5a3994e53520_0, 0;
    %pushi/vec4 0, 0, 32;
    %store/vec4 v0x5a3994e52d20_0, 0, 32;
    %pushi/vec4 0, 0, 1;
    %assign/vec4 v0x5a3994e53460_0, 0;
T_2.10 ;
T_2.0 ;
    %jmp T_2;
    .thread T_2;
    .scope S_0x5a3994dd2de0;
T_3 ;
    %wait E_0x5a3994e0ba20;
    %load/vec4 v0x5a3994e533a0_0;
    %nor/r;
    %load/vec4 v0x5a3994e53520_0;
    %pushi/vec4 1, 0, 4;
    %cmp/e;
    %flag_get/vec4 4;
    %and;
    %flag_set/vec4 8;
    %jmp/0xz  T_3.0, 8;
    %load/vec4 v0x5a3994e52730_0;
    %flag_set/vec4 8;
    %jmp/0xz  T_3.2, 8;
    %load/vec4 v0x5a3994e52650_0;
    %assign/vec4 v0x5a3994e52210_0, 0;
    %pushi/vec4 0, 0, 1;
    %assign/vec4 v0x5a3994e52730_0, 0;
    %load/vec4 v0x5a3994e52650_0;
    %pad/u 6;
    %ix/vec4 4;
    %load/vec4a v0x5a3994e52e00, 4;
    %assign/vec4 v0x5a3994e07f10_0, 0;
    %load/vec4 v0x5a3994e52650_0;
    %assign/vec4 v0x5a3994e522f0_0, 0;
    %jmp T_3.3;
T_3.2 ;
    %load/vec4 v0x5a3994e52aa0_0;
    %flag_set/vec4 8;
    %jmp/0xz  T_3.4, 8;
    %pushi/vec4 0, 0, 4;
    %assign/vec4 v0x5a3994e52210_0, 0;
    %load/vec4 v0x5a3994e52210_0;
    %assign/vec4 v0x5a3994e522f0_0, 0;
    %load/vec4 v0x5a3994e52210_0;
    %pad/u 6;
    %ix/vec4 4;
    %load/vec4a v0x5a3994e52e00, 4;
    %assign/vec4 v0x5a3994e07f10_0, 0;
    %jmp T_3.5;
T_3.4 ;
    %load/vec4 v0x5a3994e52210_0;
    %addi 1, 0, 4;
    %assign/vec4 v0x5a3994e52210_0, 0;
    %load/vec4 v0x5a3994e52210_0;
    %addi 1, 0, 4;
    %assign/vec4 v0x5a3994e522f0_0, 0;
    %load/vec4 v0x5a3994e52210_0;
    %pad/u 33;
    %addi 1, 0, 33;
    %ix/vec4 4;
    %load/vec4a v0x5a3994e52e00, 4;
    %assign/vec4 v0x5a3994e07f10_0, 0;
T_3.5 ;
T_3.3 ;
    %pushi/vec4 2, 0, 4;
    %assign/vec4 v0x5a3994e53520_0, 0;
T_3.0 ;
    %jmp T_3;
    .thread T_3;
    .scope S_0x5a3994dd2de0;
T_4 ;
    %wait E_0x5a3994e0ba20;
    %load/vec4 v0x5a3994e533a0_0;
    %nor/r;
    %load/vec4 v0x5a3994e53520_0;
    %pushi/vec4 2, 0, 4;
    %cmp/e;
    %flag_get/vec4 4;
    %and;
    %flag_set/vec4 8;
    %jmp/0xz  T_4.0, 8;
    %pushi/vec4 0, 0, 1;
    %assign/vec4 v0x5a3994e52aa0_0, 0;
    %load/vec4 v0x5a3994e07f10_0;
    %assign/vec4 v0x5a3994e09460_0, 0;
    %load/vec4 v0x5a3994e522f0_0;
    %assign/vec4 v0x5a3994e523d0_0, 0;
    %load/vec4 v0x5a3994e07f10_0;
    %parti/s 4, 12, 5;
    %pad/u 32;
    %cmpi/e 13, 0, 32;
    %jmp/0xz  T_4.2, 4;
    %load/vec4 v0x5a3994e07f10_0;
    %parti/s 4, 0, 2;
    %pad/u 6;
    %ix/vec4 4;
    %load/vec4a v0x5a3994e524b0, 4;
    %assign/vec4 v0x5a3994e52b60_0, 0;
T_4.2 ;
    %load/vec4 v0x5a3994e07f10_0;
    %parti/s 4, 8, 5;
    %pad/u 6;
    %ix/vec4 4;
    %load/vec4a v0x5a3994e524b0, 4;
    %assign/vec4 v0x5a3994dfff40_0, 0;
    %load/vec4 v0x5a3994e07f10_0;
    %parti/s 4, 4, 4;
    %pad/u 6;
    %ix/vec4 4;
    %load/vec4a v0x5a3994e524b0, 4;
    %assign/vec4 v0x5a3994e015e0_0, 0;
    %pushi/vec4 3, 0, 4;
    %assign/vec4 v0x5a3994e53520_0, 0;
T_4.0 ;
    %jmp T_4;
    .thread T_4;
    .scope S_0x5a3994dd2de0;
T_5 ;
    %wait E_0x5a3994e0ba20;
    %load/vec4 v0x5a3994e533a0_0;
    %nor/r;
    %load/vec4 v0x5a3994e53520_0;
    %pushi/vec4 3, 0, 4;
    %cmp/e;
    %flag_get/vec4 4;
    %and;
    %flag_set/vec4 8;
    %jmp/0xz  T_5.0, 8;
    %load/vec4 v0x5a3994e09460_0;
    %parti/s 4, 12, 5;
    %dup/vec4;
    %pushi/vec4 0, 0, 4;
    %cmp/u;
    %jmp/1 T_5.2, 6;
    %dup/vec4;
    %pushi/vec4 1, 0, 4;
    %cmp/u;
    %jmp/1 T_5.3, 6;
    %dup/vec4;
    %pushi/vec4 2, 0, 4;
    %cmp/u;
    %jmp/1 T_5.4, 6;
    %dup/vec4;
    %pushi/vec4 3, 0, 4;
    %cmp/u;
    %jmp/1 T_5.5, 6;
    %dup/vec4;
    %pushi/vec4 4, 0, 4;
    %cmp/u;
    %jmp/1 T_5.6, 6;
    %dup/vec4;
    %pushi/vec4 5, 0, 4;
    %cmp/u;
    %jmp/1 T_5.7, 6;
    %dup/vec4;
    %pushi/vec4 6, 0, 4;
    %cmp/u;
    %jmp/1 T_5.8, 6;
    %dup/vec4;
    %pushi/vec4 7, 0, 4;
    %cmp/u;
    %jmp/1 T_5.9, 6;
    %dup/vec4;
    %pushi/vec4 8, 0, 4;
    %cmp/u;
    %jmp/1 T_5.10, 6;
    %dup/vec4;
    %pushi/vec4 9, 0, 4;
    %cmp/u;
    %jmp/1 T_5.11, 6;
    %dup/vec4;
    %pushi/vec4 10, 0, 4;
    %cmp/u;
    %jmp/1 T_5.12, 6;
    %dup/vec4;
    %pushi/vec4 11, 0, 4;
    %cmp/u;
    %jmp/1 T_5.13, 6;
    %dup/vec4;
    %pushi/vec4 12, 0, 4;
    %cmp/u;
    %jmp/1 T_5.14, 6;
    %dup/vec4;
    %pushi/vec4 13, 0, 4;
    %cmp/u;
    %jmp/1 T_5.15, 6;
    %dup/vec4;
    %pushi/vec4 14, 0, 4;
    %cmp/u;
    %jmp/1 T_5.16, 6;
    %jmp T_5.17;
T_5.2 ;
    %jmp T_5.17;
T_5.3 ;
    %load/vec4 v0x5a3994dfff40_0;
    %load/vec4 v0x5a3994e015e0_0;
    %add;
    %ix/load 4, 0, 0;
    %ix/load 5, 0, 0;
    %flag_set/imm 4, 0;
    %assign/vec4/off/d v0x5a3994e52050_0, 4, 5;
    %jmp T_5.17;
T_5.4 ;
    %load/vec4 v0x5a3994dfff40_0;
    %load/vec4 v0x5a3994e015e0_0;
    %sub;
    %ix/load 4, 0, 0;
    %ix/load 5, 0, 0;
    %flag_set/imm 4, 0;
    %assign/vec4/off/d v0x5a3994e52050_0, 4, 5;
    %jmp T_5.17;
T_5.5 ;
    %load/vec4 v0x5a3994dfff40_0;
    %load/vec4 v0x5a3994e015e0_0;
    %mul;
    %ix/load 4, 0, 0;
    %ix/load 5, 0, 0;
    %flag_set/imm 4, 0;
    %assign/vec4/off/d v0x5a3994e52050_0, 4, 5;
    %jmp T_5.17;
T_5.6 ;
    %load/vec4 v0x5a3994dfff40_0;
    %load/vec4 v0x5a3994e015e0_0;
    %div;
    %ix/load 4, 0, 0;
    %ix/load 5, 0, 0;
    %flag_set/imm 4, 0;
    %assign/vec4/off/d v0x5a3994e52050_0, 4, 5;
    %jmp T_5.17;
T_5.7 ;
    %load/vec4 v0x5a3994e015e0_0;
    %load/vec4 v0x5a3994dfff40_0;
    %cmp/u;
    %flag_get/vec4 4;
    %flag_get/vec4 5;
    %or;
    %pad/u 8;
    %ix/load 4, 0, 0;
    %ix/load 5, 0, 0;
    %flag_set/imm 4, 0;
    %assign/vec4/off/d v0x5a3994e52050_0, 4, 5;
    %jmp T_5.17;
T_5.8 ;
    %load/vec4 v0x5a3994dfff40_0;
    %load/vec4 v0x5a3994e015e0_0;
    %parti/s 4, 0, 2;
    %ix/vec4 4;
    %shiftr 4;
    %ix/load 4, 0, 0;
    %ix/load 5, 0, 0;
    %flag_set/imm 4, 0;
    %assign/vec4/off/d v0x5a3994e52050_0, 4, 5;
    %jmp T_5.17;
T_5.9 ;
    %load/vec4 v0x5a3994dfff40_0;
    %load/vec4 v0x5a3994e015e0_0;
    %parti/s 4, 0, 2;
    %ix/vec4 4;
    %shiftl 4;
    %ix/load 4, 0, 0;
    %ix/load 5, 0, 0;
    %flag_set/imm 4, 0;
    %assign/vec4/off/d v0x5a3994e52050_0, 4, 5;
    %jmp T_5.17;
T_5.10 ;
    %load/vec4 v0x5a3994dfff40_0;
    %load/vec4 v0x5a3994e015e0_0;
    %and;
    %ix/load 4, 0, 0;
    %ix/load 5, 0, 0;
    %flag_set/imm 4, 0;
    %assign/vec4/off/d v0x5a3994e52050_0, 4, 5;
    %jmp T_5.17;
T_5.11 ;
    %load/vec4 v0x5a3994dfff40_0;
    %load/vec4 v0x5a3994e015e0_0;
    %or;
    %ix/load 4, 0, 0;
    %ix/load 5, 0, 0;
    %flag_set/imm 4, 0;
    %assign/vec4/off/d v0x5a3994e52050_0, 4, 5;
    %jmp T_5.17;
T_5.12 ;
    %load/vec4 v0x5a3994dfff40_0;
    %load/vec4 v0x5a3994e015e0_0;
    %xor;
    %ix/load 4, 0, 0;
    %ix/load 5, 0, 0;
    %flag_set/imm 4, 0;
    %assign/vec4/off/d v0x5a3994e52050_0, 4, 5;
    %jmp T_5.17;
T_5.13 ;
    %load/vec4 v0x5a3994e015e0_0;
    %parti/s 4, 0, 2;
    %load/vec4 v0x5a3994dfff40_0;
    %concat/vec4; draw_concat_vec4
    %assign/vec4 v0x5a3994e52050_0, 0;
    %jmp T_5.17;
T_5.14 ;
    %load/vec4 v0x5a3994e09460_0;
    %parti/s 1, 3, 3;
    %pad/u 32;
    %cmpi/e 0, 0, 32;
    %jmp/0xz  T_5.18, 4;
    %pushi/vec4 0, 0, 4;
    %load/vec4 v0x5a3994e529c0_0;
    %concat/vec4; draw_concat_vec4
    %pad/u 12;
    %assign/vec4 v0x5a3994e52050_0, 0;
    %jmp T_5.19;
T_5.18 ;
    %load/vec4 v0x5a3994e09460_0;
    %parti/s 4, 8, 5;
    %load/vec4 v0x5a3994e09460_0;
    %parti/s 4, 4, 4;
    %concat/vec4; draw_concat_vec4
    %pad/u 12;
    %assign/vec4 v0x5a3994e52050_0, 0;
T_5.19 ;
    %jmp T_5.17;
T_5.15 ;
    %load/vec4 v0x5a3994e015e0_0;
    %parti/s 4, 0, 2;
    %load/vec4 v0x5a3994dfff40_0;
    %concat/vec4; draw_concat_vec4
    %assign/vec4 v0x5a3994e52050_0, 0;
    %jmp T_5.17;
T_5.16 ;
    %load/vec4 v0x5a3994dfff40_0;
    %pad/u 32;
    %cmpi/ne 0, 0, 32;
    %jmp/0xz  T_5.20, 4;
    %load/vec4 v0x5a3994e09460_0;
    %parti/s 4, 4, 4;
    %assign/vec4 v0x5a3994e52650_0, 0;
    %pushi/vec4 1, 0, 1;
    %assign/vec4 v0x5a3994e52730_0, 0;
T_5.20 ;
    %jmp T_5.17;
T_5.17 ;
    %pop/vec4 1;
    %load/vec4 v0x5a3994e015e0_0;
    %assign/vec4 v0x5a3994e02a50_0, 0;
    %load/vec4 v0x5a3994e09460_0;
    %assign/vec4 v0x5a3994e323c0_0, 0;
    %load/vec4 v0x5a3994e52b60_0;
    %assign/vec4 v0x5a3994e52c40_0, 0;
    %pushi/vec4 4, 0, 4;
    %assign/vec4 v0x5a3994e53520_0, 0;
T_5.0 ;
    %jmp T_5;
    .thread T_5;
    .scope S_0x5a3994dd2de0;
T_6 ;
    %wait E_0x5a3994e0ba20;
    %load/vec4 v0x5a3994e533a0_0;
    %nor/r;
    %load/vec4 v0x5a3994e53520_0;
    %pushi/vec4 4, 0, 4;
    %cmp/e;
    %flag_get/vec4 4;
    %and;
    %flag_set/vec4 8;
    %jmp/0xz  T_6.0, 8;
    %load/vec4 v0x5a3994e323c0_0;
    %parti/s 4, 12, 5;
    %pad/u 32;
    %cmpi/e 11, 0, 32;
    %jmp/0xz  T_6.2, 4;
    %pushi/vec4 1, 0, 1;
    %assign/vec4 v0x5a3994e53160_0, 0;
    %load/vec4 v0x5a3994e52050_0;
    %assign/vec4 v0x5a3994e52570_0, 0;
    %pushi/vec4 5, 0, 4;
    %assign/vec4 v0x5a3994e53520_0, 0;
T_6.2 ;
    %load/vec4 v0x5a3994e323c0_0;
    %parti/s 4, 12, 5;
    %pad/u 32;
    %cmpi/e 13, 0, 32;
    %jmp/0xz  T_6.4, 4;
    %pushi/vec4 1, 0, 1;
    %assign/vec4 v0x5a3994e53220_0, 0;
    %load/vec4 v0x5a3994e52050_0;
    %assign/vec4 v0x5a3994e52570_0, 0;
    %pushi/vec4 5, 0, 4;
    %assign/vec4 v0x5a3994e53520_0, 0;
T_6.4 ;
    %load/vec4 v0x5a3994e323c0_0;
    %parti/s 4, 12, 5;
    %pad/u 32;
    %pushi/vec4 11, 0, 32;
    %cmp/ne;
    %flag_get/vec4 4;
    %load/vec4 v0x5a3994e323c0_0;
    %parti/s 4, 12, 5;
    %pad/u 32;
    %pushi/vec4 13, 0, 32;
    %cmp/ne;
    %flag_get/vec4 4;
    %and;
    %flag_set/vec4 8;
    %jmp/0xz  T_6.6, 8;
    %load/vec4 v0x5a3994e323c0_0;
    %assign/vec4 v0x5a3994e51f70_0, 0;
    %load/vec4 v0x5a3994e52050_0;
    %pad/u 8;
    %ix/load 4, 0, 0;
    %ix/load 5, 0, 0;
    %flag_set/imm 4, 0;
    %assign/vec4/off/d v0x5a3994e52130_0, 4, 5;
    %pushi/vec4 6, 0, 4;
    %assign/vec4 v0x5a3994e53520_0, 0;
T_6.6 ;
T_6.0 ;
    %jmp T_6;
    .thread T_6;
    .scope S_0x5a3994dd2de0;
T_7 ;
    %wait E_0x5a3994e0ba20;
    %load/vec4 v0x5a3994e533a0_0;
    %nor/r;
    %load/vec4 v0x5a3994e53520_0;
    %pushi/vec4 5, 0, 4;
    %cmp/e;
    %flag_get/vec4 4;
    %and;
    %flag_set/vec4 8;
    %jmp/0xz  T_7.0, 8;
    %load/vec4 v0x5a3994e538d0_0;
    %load/vec4 v0x5a3994e323c0_0;
    %parti/s 4, 12, 5;
    %pad/u 32;
    %pushi/vec4 11, 0, 32;
    %cmp/e;
    %flag_get/vec4 4;
    %and;
    %flag_set/vec4 8;
    %jmp/0xz  T_7.2, 8;
    %load/vec4 v0x5a3994e52fa0_0;
    %assign/vec4 v0x5a3994e06490_0, 0;
    %load/vec4 v0x5a3994e52050_0;
    %pad/u 8;
    %ix/load 4, 0, 0;
    %ix/load 5, 0, 0;
    %flag_set/imm 4, 0;
    %assign/vec4/off/d v0x5a3994e52130_0, 4, 5;
    %load/vec4 v0x5a3994e323c0_0;
    %assign/vec4 v0x5a3994e51f70_0, 0;
    %pushi/vec4 6, 0, 4;
    %assign/vec4 v0x5a3994e53520_0, 0;
    %pushi/vec4 0, 0, 1;
    %assign/vec4 v0x5a3994e53160_0, 0;
T_7.2 ;
    %load/vec4 v0x5a3994e538d0_0;
    %load/vec4 v0x5a3994e323c0_0;
    %parti/s 4, 12, 5;
    %pad/u 32;
    %pushi/vec4 13, 0, 32;
    %cmp/e;
    %flag_get/vec4 4;
    %and;
    %flag_set/vec4 8;
    %jmp/0xz  T_7.4, 8;
    %load/vec4 v0x5a3994e323c0_0;
    %assign/vec4 v0x5a3994e51f70_0, 0;
    %load/vec4 v0x5a3994e52c40_0;
    %assign/vec4 v0x5a3994e53080_0, 0;
    %pushi/vec4 6, 0, 4;
    %assign/vec4 v0x5a3994e53520_0, 0;
    %pushi/vec4 0, 0, 1;
    %assign/vec4 v0x5a3994e53220_0, 0;
T_7.4 ;
T_7.0 ;
    %jmp T_7;
    .thread T_7;
    .scope S_0x5a3994dd2de0;
T_8 ;
    %wait E_0x5a3994e0ba20;
    %load/vec4 v0x5a3994e533a0_0;
    %nor/r;
    %load/vec4 v0x5a3994e53520_0;
    %pushi/vec4 6, 0, 4;
    %cmp/e;
    %flag_get/vec4 4;
    %and;
    %flag_set/vec4 8;
    %jmp/0xz  T_8.0, 8;
    %load/vec4 v0x5a3994e323c0_0;
    %parti/s 4, 12, 5;
    %pad/u 32;
    %cmpi/u 11, 0, 32;
    %flag_mov 8, 5;
    %load/vec4 v0x5a3994e323c0_0;
    %parti/s 4, 12, 5;
    %pad/u 32;
    %cmpi/e 12, 0, 32;
    %flag_or 4, 8;
    %jmp/0xz  T_8.2, 4;
    %load/vec4 v0x5a3994e52130_0;
    %pad/u 8;
    %load/vec4 v0x5a3994e51f70_0;
    %parti/s 4, 0, 2;
    %pad/u 6;
    %ix/vec4 3;
    %ix/load 4, 0, 0; Constant delay
    %assign/vec4/a/d v0x5a3994e524b0, 0, 4;
    %pushi/vec4 1, 0, 4;
    %assign/vec4 v0x5a3994e53520_0, 0;
T_8.2 ;
    %load/vec4 v0x5a3994e323c0_0;
    %parti/s 4, 12, 5;
    %pad/u 32;
    %cmpi/e 11, 0, 32;
    %jmp/0xz  T_8.4, 4;
    %load/vec4 v0x5a3994e06490_0;
    %load/vec4 v0x5a3994e51f70_0;
    %parti/s 4, 0, 2;
    %pad/u 6;
    %ix/vec4 3;
    %ix/load 4, 0, 0; Constant delay
    %assign/vec4/a/d v0x5a3994e524b0, 0, 4;
    %pushi/vec4 1, 0, 4;
    %assign/vec4 v0x5a3994e53520_0, 0;
T_8.4 ;
    %load/vec4 v0x5a3994e323c0_0;
    %parti/s 4, 12, 5;
    %pad/u 32;
    %cmpi/e 13, 0, 32;
    %flag_mov 8, 4;
    %load/vec4 v0x5a3994e323c0_0;
    %parti/s 4, 12, 5;
    %pad/u 32;
    %cmpi/e 14, 0, 32;
    %flag_or 4, 8;
    %flag_mov 8, 4;
    %load/vec4 v0x5a3994e323c0_0;
    %parti/s 4, 12, 5;
    %pad/u 32;
    %cmpi/e 0, 0, 32;
    %flag_or 4, 8;
    %jmp/0xz  T_8.6, 4;
    %pushi/vec4 1, 0, 4;
    %assign/vec4 v0x5a3994e53520_0, 0;
T_8.6 ;
    %load/vec4 v0x5a3994e09460_0;
    %parti/s 4, 12, 5;
    %pad/u 32;
    %cmpi/e 15, 0, 32;
    %flag_mov 8, 4;
    %load/vec4 v0x5a3994e523d0_0;
    %pad/u 32;
    %pushi/vec4 15, 0, 32;
    %cmp/e;
    %flag_get/vec4 4;
    %load/vec4 v0x5a3994e51f70_0;
    %parti/s 4, 12, 5;
    %pad/u 32;
    %pushi/vec4 14, 0, 32;
    %cmp/ne;
    %flag_get/vec4 4;
    %and;
    %flag_set/vec4 9;
    %flag_or 9, 8;
    %jmp/0xz  T_8.8, 9;
    %pushi/vec4 1, 0, 1;
    %assign/vec4 v0x5a3994e532e0_0, 0;
    %pushi/vec4 0, 0, 4;
    %assign/vec4 v0x5a3994e52210_0, 0;
    %pushi/vec4 0, 0, 4;
    %assign/vec4 v0x5a3994e53520_0, 0;
T_8.8 ;
T_8.0 ;
    %jmp T_8;
    .thread T_8;
    .scope S_0x5a3994dd2de0;
T_9 ;
    %wait E_0x5a3994e0ba20;
    %load/vec4 v0x5a3994e53b10_0;
    %load/vec4 v0x5a3994e52ec0_0;
    %load/vec4 v0x5a3994e529c0_0;
    %part/u 1;
    %and;
    %flag_set/vec4 8;
    %jmp/0xz  T_9.0, 8;
    %pushi/vec4 0, 0, 4;
    %assign/vec4 v0x5a3994e53520_0, 0;
T_9.0 ;
    %jmp T_9;
    .thread T_9;
# The file index is used to find the file name in the following table.
:file_names 3;
    "N/A";
    "<interactive>";
    "gpu_core_1.v";
