#! /usr/bin/vvp
:ivl_version "11.0 (stable)";
:ivl_delay_selection "TYPICAL";
:vpi_time_precision - 10;
:vpi_module "/usr/lib/x86_64-linux-gnu/ivl/system.vpi";
:vpi_module "/usr/lib/x86_64-linux-gnu/ivl/vhdl_sys.vpi";
:vpi_module "/usr/lib/x86_64-linux-gnu/ivl/vhdl_textio.vpi";
:vpi_module "/usr/lib/x86_64-linux-gnu/ivl/v2005_math.vpi";
:vpi_module "/usr/lib/x86_64-linux-gnu/ivl/va_math.vpi";
S_0x564367214d80 .scope module, "testbench" "testbench" 2 3;
 .timescale -9 -10;
P_0x5643671fd8c0 .param/l "DATA_DEPTH" 0 2 4, +C4<00000000000000000000010000000000>;
v0x56436724a920_0 .var "clk", 0 0;
v0x56436724a9e0_0 .var "core_reading", 0 0;
v0x56436724aa80_0 .var "core_ready", 15 0;
v0x56436724ab20_0 .var "data_frames_in", 16383 0;
o0x7f5a1c5224f8 .functor BUFZ 1, C4<z>; HiZ drive
v0x56436724abf0_0 .net "frame_being_sent", 0 0, o0x7f5a1c5224f8;  0 drivers
v0x56436724ac90_0 .var/i "i", 31 0;
v0x56436724ad30_0 .var "prog_loading", 0 0;
v0x56436724ae00_0 .var "reset", 0 0;
S_0x564367214f60 .scope module, "scheduler" "scheduler" 2 24, 3 6 0, S_0x564367214d80;
 .timescale 0 0;
    .port_info 0 /INPUT 1 "clk";
    .port_info 1 /INPUT 1 "reset";
    .port_info 2 /INPUT 1 "core_reading";
    .port_info 3 /INPUT 1 "prog_loading";
    .port_info 4 /OUTPUT 1 "frame_being_sent";
    .port_info 5 /INPUT 16384 "data_frames_in";
    .port_info 6 /INPUT 16 "core_ready";
    .port_info 7 /OUTPUT 16 "mess_to_core";
P_0x56436722a1b0 .param/l "BUS_TO_CORE" 0 3 12, +C4<00000000000000000000000000010000>;
P_0x56436722a1f0 .param/l "CORE_NUM" 0 3 11, +C4<00000000000000000000000000010000>;
P_0x56436722a230 .param/l "DATA_DEPTH" 0 3 8, +C4<00000000000000000000010000000000>;
P_0x56436722a270 .param/l "FRAME_SIZE" 0 3 10, +C4<00000000000000000000000000010000>;
P_0x56436722a2b0 .param/l "INSTR_SIZE" 0 3 9, +C4<00000000000000000000000000010000>;
P_0x56436722a2f0 .param/l "R0_DEPTH" 0 3 13, +C4<00000000000000000000000000001000>;
L_0x5643671f5240 .functor AND 16, v0x56436724a060_0, L_0x56436725b200, C4<1111111111111111>, C4<1111111111111111>;
L_0x5643671f6210 .functor OR 1, L_0x56436725b3c0, L_0x56436725b6f0, C4<0>, C4<0>;
L_0x5643671f6fc0 .functor AND 1, L_0x56436725b910, L_0x56436725ba00, C4<1>, C4<1>;
L_0x5643671f81a0 .functor AND 1, L_0x5643671f6210, L_0x56436725bbe0, C4<1>, C4<1>;
L_0x5643671f9f10 .functor NOT 16, v0x56436724aa80_0, C4<0000000000000000>, C4<0000000000000000>, C4<0000000000000000>;
v0x5643671f6330_0 .net *"_ivl_0", 31 0, L_0x56436724aed0;  1 drivers
L_0x7f5a1c4d90a8 .functor BUFT 1, C4<000000000000000>, C4<0>, C4<0>, C4<0>;
v0x5643671f71a0_0 .net *"_ivl_11", 14 0, L_0x7f5a1c4d90a8;  1 drivers
v0x5643671f8300_0 .net *"_ivl_12", 15 0, L_0x5643671f5240;  1 drivers
L_0x7f5a1c4d90f0 .functor BUFT 1, C4<0000000000000000>, C4<0>, C4<0>, C4<0>;
v0x5643671fa030_0 .net/2u *"_ivl_14", 15 0, L_0x7f5a1c4d90f0;  1 drivers
v0x564367221430_0 .net *"_ivl_16", 0 0, L_0x56436725b3c0;  1 drivers
v0x564367222570_0 .net *"_ivl_18", 31 0, L_0x56436725b560;  1 drivers
L_0x7f5a1c4d9138 .functor BUFT 1, C4<0000000000000000>, C4<0>, C4<0>, C4<0>;
v0x564367224d40_0 .net *"_ivl_21", 15 0, L_0x7f5a1c4d9138;  1 drivers
L_0x7f5a1c4d9180 .functor BUFT 1, C4<00000000000000000000000000000000>, C4<0>, C4<0>, C4<0>;
v0x564367248c00_0 .net/2u *"_ivl_22", 31 0, L_0x7f5a1c4d9180;  1 drivers
v0x564367248ce0_0 .net *"_ivl_24", 0 0, L_0x56436725b6f0;  1 drivers
L_0x7f5a1c4d91c8 .functor BUFT 1, C4<10>, C4<0>, C4<0>, C4<0>;
v0x564367248da0_0 .net/2u *"_ivl_28", 1 0, L_0x7f5a1c4d91c8;  1 drivers
L_0x7f5a1c4d9018 .functor BUFT 1, C4<0000000000000000>, C4<0>, C4<0>, C4<0>;
v0x564367248e80_0 .net *"_ivl_3", 15 0, L_0x7f5a1c4d9018;  1 drivers
v0x564367248f60_0 .net *"_ivl_30", 0 0, L_0x56436725b910;  1 drivers
L_0x7f5a1c4d9210 .functor BUFT 1, C4<0000000000000000>, C4<0>, C4<0>, C4<0>;
v0x564367249020_0 .net/2u *"_ivl_32", 15 0, L_0x7f5a1c4d9210;  1 drivers
v0x564367249100_0 .net *"_ivl_34", 0 0, L_0x56436725ba00;  1 drivers
v0x5643672491c0_0 .net *"_ivl_37", 0 0, L_0x5643671f6fc0;  1 drivers
L_0x7f5a1c4d9060 .functor BUFT 1, C4<00000000000000000000000000000000>, C4<0>, C4<0>, C4<0>;
v0x564367249280_0 .net/2u *"_ivl_4", 31 0, L_0x7f5a1c4d9060;  1 drivers
v0x564367249360_0 .net *"_ivl_6", 0 0, L_0x56436725b090;  1 drivers
v0x564367249420_0 .net *"_ivl_8", 15 0, L_0x56436725b200;  1 drivers
v0x564367249500_0 .net "clk", 0 0, v0x56436724a920_0;  1 drivers
v0x5643672495c0_0 .net "core_reading", 0 0, v0x56436724a9e0_0;  1 drivers
v0x564367249680_0 .net "core_ready", 15 0, v0x56436724aa80_0;  1 drivers
v0x564367249760 .array "data_frames", 0 1023, 15 0;
v0x564367249820_0 .net "data_frames_in", 16383 0, v0x56436724ab20_0;  1 drivers
v0x5643672498e0_0 .net "exec_mask", 15 0, L_0x5643671f9f10;  1 drivers
v0x5643672499c0_0 .var "fence", 1 0;
v0x564367249aa0_0 .net "flag1", 0 0, L_0x5643671f6210;  1 drivers
v0x564367249b60_0 .net "flag2", 0 0, L_0x56436725bbe0;  1 drivers
v0x564367249c20_0 .net "frame_being_sent", 0 0, o0x7f5a1c5224f8;  alias, 0 drivers
v0x564367249ce0_0 .var "global_tp", 9 0;
v0x564367249dc0_0 .var "if_num", 5 0;
v0x564367249ea0_0 .var "init_r0_vect", 15 0;
v0x564367249f80_0 .var/i "j", 31 0;
v0x56436724a060_0 .var "last_mask", 15 0;
v0x56436724a140_0 .var "mess_to_core", 15 0;
v0x56436724a220_0 .var "no_collision", 0 0;
v0x56436724a2e0_0 .net "no_wait_cf", 0 0, L_0x5643671f81a0;  1 drivers
v0x56436724a3a0_0 .net "prog_loading", 0 0, v0x56436724ad30_0;  1 drivers
v0x56436724a460_0 .var "r0_loaded", 0 0;
v0x56436724a520_0 .var "rel_stop", 0 0;
v0x56436724a5e0_0 .net "reset", 0 0, v0x56436724ae00_0;  1 drivers
v0x56436724a6a0_0 .var "wait_it", 0 0;
v0x56436724a760_0 .var "wait_not", 0 0;
E_0x5643671fbf50 .event posedge, v0x564367249500_0;
L_0x56436724aed0 .concat [ 16 16 0 0], L_0x5643671f9f10, L_0x7f5a1c4d9018;
L_0x56436725b090 .cmp/eq 32, L_0x56436724aed0, L_0x7f5a1c4d9060;
L_0x56436725b200 .concat [ 1 15 0 0], L_0x56436725b090, L_0x7f5a1c4d90a8;
L_0x56436725b3c0 .cmp/ne 16, L_0x5643671f5240, L_0x7f5a1c4d90f0;
L_0x56436725b560 .concat [ 16 16 0 0], L_0x5643671f9f10, L_0x7f5a1c4d9138;
L_0x56436725b6f0 .cmp/eq 32, L_0x56436725b560, L_0x7f5a1c4d9180;
L_0x56436725b910 .cmp/eq 2, v0x5643672499c0_0, L_0x7f5a1c4d91c8;
L_0x56436725ba00 .cmp/ne 16, L_0x5643671f9f10, L_0x7f5a1c4d9210;
L_0x56436725bbe0 .reduce/nor L_0x5643671f6fc0;
    .scope S_0x564367214f60;
T_0 ;
    %wait E_0x5643671fbf50;
    %load/vec4 v0x56436724a5e0_0;
    %flag_set/vec4 8;
    %jmp/0xz  T_0.0, 8;
    %pushi/vec4 0, 0, 2;
    %assign/vec4 v0x5643672499c0_0, 0;
    %jmp T_0.1;
T_0.0 ;
    %load/vec4 v0x56436724a3a0_0;
    %nor/r;
    %load/vec4 v0x564367249dc0_0;
    %pad/u 32;
    %pushi/vec4 0, 0, 32;
    %cmp/e;
    %flag_get/vec4 4;
    %and;
    %load/vec4 v0x564367249ce0_0;
    %parti/s 4, 0, 2;
    %pushi/vec4 0, 0, 4;
    %cmp/e;
    %flag_get/vec4 4;
    %and;
    %flag_set/vec4 8;
    %jmp/0xz  T_0.2, 8;
    %load/vec4 v0x564367249ce0_0;
    %pad/u 12;
    %ix/vec4 4;
    %load/vec4a v0x564367249760, 4;
    %pushi/vec4 192, 0, 16;
    %and;
    %ix/load 4, 6, 0;
    %flag_set/imm 4, 0;
    %shiftr 4;
    %pad/u 2;
    %assign/vec4 v0x5643672499c0_0, 0;
    %jmp T_0.3;
T_0.2 ;
    %load/vec4 v0x5643672499c0_0;
    %assign/vec4 v0x5643672499c0_0, 0;
T_0.3 ;
T_0.1 ;
    %jmp T_0;
    .thread T_0;
    .scope S_0x564367214f60;
T_1 ;
    %wait E_0x5643671fbf50;
    %load/vec4 v0x56436724a5e0_0;
    %flag_set/vec4 8;
    %jmp/0xz  T_1.0, 8;
    %pushi/vec4 0, 0, 16;
    %assign/vec4 v0x56436724a060_0, 0;
    %jmp T_1.1;
T_1.0 ;
    %load/vec4 v0x56436724a3a0_0;
    %nor/r;
    %load/vec4 v0x564367249dc0_0;
    %pad/u 32;
    %pushi/vec4 0, 0, 32;
    %cmp/e;
    %flag_get/vec4 4;
    %and;
    %load/vec4 v0x564367249ce0_0;
    %parti/s 4, 0, 2;
    %pad/u 32;
    %pushi/vec4 1, 0, 32;
    %cmp/e;
    %flag_get/vec4 4;
    %and;
    %flag_set/vec4 8;
    %jmp/0xz  T_1.2, 8;
    %load/vec4 v0x564367249ce0_0;
    %pad/u 12;
    %ix/vec4 4;
    %load/vec4a v0x564367249760, 4;
    %assign/vec4 v0x56436724a060_0, 0;
    %jmp T_1.3;
T_1.2 ;
    %load/vec4 v0x56436724a060_0;
    %assign/vec4 v0x56436724a060_0, 0;
T_1.3 ;
T_1.1 ;
    %jmp T_1;
    .thread T_1;
    .scope S_0x564367214f60;
T_2 ;
    %wait E_0x5643671fbf50;
    %load/vec4 v0x56436724a5e0_0;
    %flag_set/vec4 8;
    %jmp/0xz  T_2.0, 8;
    %pushi/vec4 0, 0, 16;
    %assign/vec4 v0x564367249ea0_0, 0;
    %jmp T_2.1;
T_2.0 ;
    %load/vec4 v0x56436724a3a0_0;
    %nor/r;
    %load/vec4 v0x564367249dc0_0;
    %pad/u 32;
    %pushi/vec4 0, 0, 32;
    %cmp/e;
    %flag_get/vec4 4;
    %and;
    %load/vec4 v0x564367249ce0_0;
    %parti/s 4, 0, 2;
    %pad/u 32;
    %pushi/vec4 2, 0, 32;
    %cmp/e;
    %flag_get/vec4 4;
    %and;
    %load/vec4 v0x5643672495c0_0;
    %and;
    %flag_set/vec4 8;
    %jmp/0xz  T_2.2, 8;
    %load/vec4 v0x564367249ce0_0;
    %pad/u 12;
    %ix/vec4 4;
    %load/vec4a v0x564367249760, 4;
    %assign/vec4 v0x564367249ea0_0, 0;
    %jmp T_2.3;
T_2.2 ;
    %load/vec4 v0x564367249ea0_0;
    %assign/vec4 v0x564367249ea0_0, 0;
T_2.3 ;
T_2.1 ;
    %jmp T_2;
    .thread T_2;
    .scope S_0x564367214f60;
T_3 ;
    %wait E_0x5643671fbf50;
    %load/vec4 v0x56436724a5e0_0;
    %flag_set/vec4 8;
    %jmp/0xz  T_3.0, 8;
    %pushi/vec4 0, 0, 16;
    %assign/vec4 v0x56436724a140_0, 0;
    %jmp T_3.1;
T_3.0 ;
    %load/vec4 v0x56436724a3a0_0;
    %nor/r;
    %load/vec4 v0x5643672495c0_0;
    %and;
    %load/vec4 v0x564367249dc0_0;
    %pad/u 32;
    %pushi/vec4 0, 0, 32;
    %cmp/ne;
    %flag_get/vec4 4;
    %and;
    %flag_set/vec4 8;
    %jmp/0xz  T_3.2, 8;
    %load/vec4 v0x564367249ce0_0;
    %pad/u 12;
    %ix/vec4 4;
    %load/vec4a v0x564367249760, 4;
    %assign/vec4 v0x56436724a140_0, 0;
    %jmp T_3.3;
T_3.2 ;
    %load/vec4 v0x56436724a3a0_0;
    %nor/r;
    %load/vec4 v0x5643672495c0_0;
    %and;
    %load/vec4 v0x564367249dc0_0;
    %pad/u 32;
    %pushi/vec4 0, 0, 32;
    %cmp/e;
    %flag_get/vec4 4;
    %and;
    %load/vec4 v0x564367249ce0_0;
    %parti/s 4, 0, 2;
    %pad/u 32;
    %pushi/vec4 2, 0, 32;
    %cmp/e;
    %flag_get/vec4 4;
    %and;
    %flag_set/vec4 8;
    %jmp/0xz  T_3.4, 8;
    %load/vec4 v0x564367249ce0_0;
    %pad/u 12;
    %ix/vec4 4;
    %load/vec4a v0x564367249760, 4;
    %assign/vec4 v0x56436724a140_0, 0;
    %jmp T_3.5;
T_3.4 ;
    %load/vec4 v0x56436724a3a0_0;
    %nor/r;
    %load/vec4 v0x5643672495c0_0;
    %and;
    %pushi/vec4 2, 0, 4;
    %load/vec4 v0x564367249ce0_0;
    %parti/s 4, 0, 2;
    %cmp/u;
    %flag_get/vec4 5;
    %load/vec4 v0x564367249dc0_0;
    %pad/u 32;
    %pushi/vec4 0, 0, 32;
    %cmp/e;
    %flag_get/vec4 4;
    %and;
    %load/vec4 v0x564367249dc0_0;
    %pad/u 32;
    %pushi/vec4 0, 0, 32;
    %cmp/ne;
    %flag_get/vec4 4;
    %or;
    %and;
    %flag_set/vec4 8;
    %jmp/0xz  T_3.6, 8;
    %load/vec4 v0x564367249ce0_0;
    %pad/u 12;
    %ix/vec4 4;
    %load/vec4a v0x564367249760, 4;
    %assign/vec4 v0x56436724a140_0, 0;
    %jmp T_3.7;
T_3.6 ;
    %load/vec4 v0x56436724a140_0;
    %assign/vec4 v0x56436724a140_0, 0;
T_3.7 ;
T_3.5 ;
T_3.3 ;
T_3.1 ;
    %jmp T_3;
    .thread T_3;
    .scope S_0x564367214f60;
T_4 ;
    %wait E_0x5643671fbf50;
    %load/vec4 v0x56436724a5e0_0;
    %flag_set/vec4 8;
    %jmp/0xz  T_4.0, 8;
    %pushi/vec4 0, 0, 1;
    %assign/vec4 v0x56436724a460_0, 0;
    %jmp T_4.1;
T_4.0 ;
    %load/vec4 v0x56436724a3a0_0;
    %nor/r;
    %load/vec4 v0x564367249dc0_0;
    %pad/u 32;
    %pushi/vec4 0, 0, 32;
    %cmp/e;
    %flag_get/vec4 4;
    %and;
    %load/vec4 v0x564367249ce0_0;
    %parti/s 4, 0, 2;
    %pushi/vec4 15, 0, 4;
    %cmp/e;
    %flag_get/vec4 4;
    %and;
    %flag_set/vec4 8;
    %jmp/0xz  T_4.2, 8;
    %pushi/vec4 1, 0, 1;
    %assign/vec4 v0x56436724a460_0, 0;
    %jmp T_4.3;
T_4.2 ;
    %load/vec4 v0x56436724a3a0_0;
    %nor/r;
    %load/vec4 v0x564367249ce0_0;
    %parti/s 4, 0, 2;
    %pushi/vec4 15, 0, 4;
    %cmp/e;
    %flag_get/vec4 4;
    %and;
    %load/vec4 v0x564367249dc0_0;
    %pad/u 32;
    %pushi/vec4 1, 0, 32;
    %cmp/e;
    %flag_get/vec4 4;
    %and;
    %flag_set/vec4 8;
    %jmp/0xz  T_4.4, 8;
    %pushi/vec4 0, 0, 1;
    %assign/vec4 v0x56436724a460_0, 0;
    %jmp T_4.5;
T_4.4 ;
    %load/vec4 v0x56436724a460_0;
    %assign/vec4 v0x56436724a460_0, 0;
T_4.5 ;
T_4.3 ;
T_4.1 ;
    %jmp T_4;
    .thread T_4;
    .scope S_0x564367214f60;
T_5 ;
    %wait E_0x5643671fbf50;
    %load/vec4 v0x56436724a5e0_0;
    %flag_set/vec4 8;
    %jmp/0xz  T_5.0, 8;
    %pushi/vec4 0, 0, 1;
    %assign/vec4 v0x56436724a220_0, 0;
    %pushi/vec4 0, 0, 1;
    %assign/vec4 v0x56436724a520_0, 0;
    %jmp T_5.1;
T_5.0 ;
    %load/vec4 v0x56436724a060_0;
    %load/vec4 v0x5643672498e0_0;
    %pad/u 32;
    %pushi/vec4 0, 0, 32;
    %cmp/e;
    %flag_get/vec4 4;
    %pad/u 16;
    %and;
    %pushi/vec4 0, 0, 16;
    %cmp/ne;
    %flag_get/vec4 4;
    %load/vec4 v0x5643672498e0_0;
    %pad/u 32;
    %pushi/vec4 0, 0, 32;
    %cmp/e;
    %flag_get/vec4 4;
    %or;
    %assign/vec4 v0x56436724a220_0, 0;
    %load/vec4 v0x5643672499c0_0;
    %pushi/vec4 2, 0, 2;
    %cmp/e;
    %flag_get/vec4 4;
    %load/vec4 v0x5643672498e0_0;
    %pushi/vec4 0, 0, 16;
    %cmp/ne;
    %flag_get/vec4 4;
    %and;
    %nor/r;
    %assign/vec4 v0x56436724a520_0, 0;
T_5.1 ;
    %jmp T_5;
    .thread T_5;
    .scope S_0x564367214f60;
T_6 ;
    %wait E_0x5643671fbf50;
    %load/vec4 v0x56436724a5e0_0;
    %flag_set/vec4 8;
    %jmp/0xz  T_6.0, 8;
    %pushi/vec4 1, 0, 1;
    %assign/vec4 v0x56436724a760_0, 0;
    %jmp T_6.1;
T_6.0 ;
    %load/vec4 v0x564367249dc0_0;
    %pad/u 32;
    %pushi/vec4 0, 0, 32;
    %cmp/e;
    %flag_get/vec4 4;
    %load/vec4 v0x564367249ce0_0;
    %parti/s 4, 0, 2;
    %pad/u 32;
    %pushi/vec4 1, 0, 32;
    %cmp/e;
    %flag_get/vec4 4;
    %and;
    %flag_set/vec4 8;
    %jmp/0xz  T_6.2, 8;
    %load/vec4 v0x56436724a2e0_0;
    %assign/vec4 v0x56436724a760_0, 0;
    %jmp T_6.3;
T_6.2 ;
    %load/vec4 v0x564367249dc0_0;
    %pad/u 32;
    %pushi/vec4 0, 0, 32;
    %cmp/e;
    %flag_get/vec4 4;
    %load/vec4 v0x564367249ce0_0;
    %parti/s 4, 0, 2;
    %pad/u 32;
    %pushi/vec4 2, 0, 32;
    %cmp/e;
    %flag_get/vec4 4;
    %and;
    %flag_set/vec4 8;
    %jmp/0xz  T_6.4, 8;
    %pushi/vec4 1, 0, 1;
    %assign/vec4 v0x56436724a760_0, 0;
T_6.4 ;
T_6.3 ;
T_6.1 ;
    %jmp T_6;
    .thread T_6;
    .scope S_0x564367214f60;
T_7 ;
    %wait E_0x5643671fbf50;
    %load/vec4 v0x56436724a5e0_0;
    %flag_set/vec4 8;
    %jmp/0xz  T_7.0, 8;
    %pushi/vec4 0, 0, 10;
    %assign/vec4 v0x564367249ce0_0, 0;
    %jmp T_7.1;
T_7.0 ;
    %load/vec4 v0x56436724a3a0_0;
    %nor/r;
    %load/vec4 v0x564367249dc0_0;
    %pad/u 32;
    %pushi/vec4 0, 0, 32;
    %cmp/e;
    %flag_get/vec4 4;
    %and;
    %load/vec4 v0x564367249ce0_0;
    %parti/s 4, 0, 2;
    %pad/u 32;
    %pushi/vec4 2, 0, 32;
    %cmp/e;
    %flag_get/vec4 4;
    %and;
    %load/vec4 v0x5643672495c0_0;
    %and;
    %load/vec4 v0x56436724a2e0_0;
    %and;
    %flag_set/vec4 8;
    %jmp/0xz  T_7.2, 8;
    %load/vec4 v0x564367249ce0_0;
    %addi 6, 0, 10;
    %assign/vec4 v0x564367249ce0_0, 0;
    %jmp T_7.3;
T_7.2 ;
    %load/vec4 v0x56436724a3a0_0;
    %nor/r;
    %load/vec4 v0x5643672495c0_0;
    %and;
    %load/vec4 v0x564367249dc0_0;
    %pad/u 32;
    %pushi/vec4 0, 0, 32;
    %cmp/ne;
    %flag_get/vec4 4;
    %load/vec4 v0x564367249ce0_0;
    %parti/s 4, 0, 2;
    %pad/u 32;
    %pushi/vec4 2, 0, 32;
    %cmp/ne;
    %flag_get/vec4 4;
    %or;
    %and;
    %load/vec4 v0x564367249dc0_0;
    %pad/u 32;
    %pushi/vec4 1, 0, 32;
    %cmp/e;
    %flag_get/vec4 4;
    %load/vec4 v0x564367249ce0_0;
    %parti/s 4, 0, 2;
    %pushi/vec4 15, 0, 4;
    %cmp/e;
    %flag_get/vec4 4;
    %and;
    %load/vec4 v0x56436724a6a0_0;
    %and;
    %load/vec4 v0x56436724a060_0;
    %load/vec4 v0x5643672498e0_0;
    %pad/u 32;
    %pushi/vec4 0, 0, 32;
    %cmp/ne;
    %flag_get/vec4 4;
    %pad/u 16;
    %and;
    %pushi/vec4 0, 0, 16;
    %cmp/ne;
    %flag_get/vec4 4;
    %and;
    %nor/r;
    %and;
    %flag_set/vec4 8;
    %jmp/0xz  T_7.4, 8;
    %load/vec4 v0x564367249ce0_0;
    %addi 1, 0, 10;
    %assign/vec4 v0x564367249ce0_0, 0;
    %jmp T_7.5;
T_7.4 ;
    %load/vec4 v0x564367249ce0_0;
    %assign/vec4 v0x564367249ce0_0, 0;
T_7.5 ;
T_7.3 ;
T_7.1 ;
    %jmp T_7;
    .thread T_7;
    .scope S_0x564367214f60;
T_8 ;
    %wait E_0x5643671fbf50;
    %load/vec4 v0x56436724a5e0_0;
    %flag_set/vec4 8;
    %jmp/0xz  T_8.0, 8;
    %pushi/vec4 0, 0, 6;
    %assign/vec4 v0x564367249dc0_0, 0;
    %jmp T_8.1;
T_8.0 ;
    %load/vec4 v0x56436724a3a0_0;
    %nor/r;
    %load/vec4 v0x564367249dc0_0;
    %pushi/vec4 0, 0, 6;
    %cmp/ne;
    %flag_get/vec4 4;
    %and;
    %load/vec4 v0x5643672495c0_0;
    %and;
    %load/vec4 v0x564367249ce0_0;
    %parti/s 4, 0, 2;
    %pushi/vec4 15, 0, 4;
    %cmp/e;
    %flag_get/vec4 4;
    %and;
    %load/vec4 v0x564367249dc0_0;
    %pad/u 32;
    %pushi/vec4 1, 0, 32;
    %cmp/ne;
    %flag_get/vec4 4;
    %load/vec4 v0x56436724a6a0_0;
    %load/vec4 v0x56436724a060_0;
    %load/vec4 v0x5643672498e0_0;
    %pad/u 32;
    %pushi/vec4 0, 0, 32;
    %cmp/ne;
    %flag_get/vec4 4;
    %pad/u 16;
    %and;
    %pushi/vec4 0, 0, 16;
    %cmp/ne;
    %flag_get/vec4 4;
    %and;
    %nor/r;
    %or;
    %and;
    %flag_set/vec4 8;
    %jmp/0xz  T_8.2, 8;
    %load/vec4 v0x564367249dc0_0;
    %subi 1, 0, 6;
    %assign/vec4 v0x564367249dc0_0, 0;
    %jmp T_8.3;
T_8.2 ;
    %load/vec4 v0x56436724a3a0_0;
    %nor/r;
    %load/vec4 v0x564367249dc0_0;
    %pad/u 32;
    %pushi/vec4 0, 0, 32;
    %cmp/e;
    %flag_get/vec4 4;
    %and;
    %load/vec4 v0x564367249ce0_0;
    %parti/s 4, 0, 2;
    %pushi/vec4 15, 0, 4;
    %cmp/e;
    %flag_get/vec4 4;
    %and;
    %flag_set/vec4 8;
    %jmp/0xz  T_8.4, 8;
    %load/vec4 v0x564367249ce0_0;
    %pad/u 11;
    %subi 15, 0, 11;
    %pad/u 12;
    %ix/vec4 4;
    %load/vec4a v0x564367249760, 4;
    %pushi/vec4 63, 0, 16;
    %and;
    %pad/u 6;
    %assign/vec4 v0x564367249dc0_0, 0;
    %jmp T_8.5;
T_8.4 ;
    %load/vec4 v0x564367249dc0_0;
    %assign/vec4 v0x564367249dc0_0, 0;
T_8.5 ;
T_8.3 ;
T_8.1 ;
    %jmp T_8;
    .thread T_8;
    .scope S_0x564367214f60;
T_9 ;
    %wait E_0x5643671fbf50;
    %load/vec4 v0x56436724a5e0_0;
    %flag_set/vec4 8;
    %jmp/0xz  T_9.0, 8;
    %pushi/vec4 0, 0, 1;
    %assign/vec4 v0x56436724a6a0_0, 0;
    %jmp T_9.1;
T_9.0 ;
    %load/vec4 v0x56436724a3a0_0;
    %nor/r;
    %load/vec4 v0x564367249dc0_0;
    %pad/u 32;
    %pushi/vec4 0, 0, 32;
    %cmp/e;
    %flag_get/vec4 4;
    %and;
    %load/vec4 v0x564367249ce0_0;
    %pad/u 32;
    %pushi/vec4 1, 0, 32;
    %cmp/e;
    %flag_get/vec4 4;
    %and;
    %load/vec4 v0x5643672499c0_0;
    %pushi/vec4 1, 0, 2;
    %cmp/e;
    %flag_get/vec4 4;
    %and;
    %flag_set/vec4 8;
    %jmp/0xz  T_9.2, 8;
    %pushi/vec4 1, 0, 1;
    %assign/vec4 v0x56436724a6a0_0, 0;
    %jmp T_9.3;
T_9.2 ;
    %load/vec4 v0x564367249dc0_0;
    %pad/u 32;
    %pushi/vec4 0, 0, 32;
    %cmp/e;
    %flag_get/vec4 4;
    %load/vec4 v0x564367249ce0_0;
    %parti/s 4, 0, 2;
    %pad/u 32;
    %pushi/vec4 0, 0, 32;
    %cmp/e;
    %flag_get/vec4 4;
    %and;
    %flag_set/vec4 8;
    %jmp/0xz  T_9.4, 8;
    %pushi/vec4 0, 0, 1;
    %assign/vec4 v0x56436724a6a0_0, 0;
    %jmp T_9.5;
T_9.4 ;
    %load/vec4 v0x56436724a6a0_0;
    %assign/vec4 v0x56436724a6a0_0, 0;
T_9.5 ;
T_9.3 ;
T_9.1 ;
    %jmp T_9;
    .thread T_9;
    .scope S_0x564367214f60;
T_10 ;
    %wait E_0x5643671fbf50;
    %load/vec4 v0x56436724a3a0_0;
    %flag_set/vec4 8;
    %jmp/0xz  T_10.0, 8;
    %pushi/vec4 0, 0, 32;
    %store/vec4 v0x564367249f80_0, 0, 32;
T_10.2 ;
    %load/vec4 v0x564367249f80_0;
    %cmpi/s 1024, 0, 32;
    %jmp/0xz T_10.3, 5;
    %load/vec4 v0x564367249820_0;
    %load/vec4 v0x564367249f80_0;
    %pad/s 36;
    %muli 16, 0, 36;
    %part/s 16;
    %ix/getv/s 3, v0x564367249f80_0;
    %ix/load 4, 0, 0; Constant delay
    %assign/vec4/a/d v0x564367249760, 0, 4;
    ; show_stmt_assign_vector: Get l-value for compressed += operand
    %load/vec4 v0x564367249f80_0;
    %pushi/vec4 1, 0, 32;
    %add;
    %store/vec4 v0x564367249f80_0, 0, 32;
    %jmp T_10.2;
T_10.3 ;
T_10.0 ;
    %jmp T_10;
    .thread T_10;
    .scope S_0x564367214d80;
T_11 ;
    %delay 10, 0;
    %load/vec4 v0x56436724a920_0;
    %inv;
    %store/vec4 v0x56436724a920_0, 0, 1;
    %jmp T_11;
    .thread T_11;
    .scope S_0x564367214d80;
T_12 ;
    %pushi/vec4 0, 0, 1;
    %assign/vec4 v0x56436724a920_0, 0;
    %pushi/vec4 1, 0, 1;
    %assign/vec4 v0x56436724ae00_0, 0;
    %pushi/vec4 65535, 0, 16;
    %assign/vec4 v0x56436724aa80_0, 0;
    %pushi/vec4 1, 0, 1;
    %assign/vec4 v0x56436724a9e0_0, 0;
    %pushi/vec4 1, 0, 1;
    %assign/vec4 v0x56436724ad30_0, 0;
    %end;
    .thread T_12;
    .scope S_0x564367214d80;
T_13 ;
    %vpi_call 2 47 "$dumpfile", "dump.vcd" {0 0 0};
    %vpi_call 2 47 "$dumpvars", 32'sb00000000000000000000000000000000, S_0x564367214d80 {0 0 0};
    %delay 100, 0;
    %pushi/vec4 0, 0, 1;
    %store/vec4 v0x56436724ae00_0, 0, 1;
    %delay 100, 0;
    %pushi/vec4 67, 0, 16;
    %ix/load 4, 0, 0;
    %flag_set/imm 4, 0;
    %store/vec4 v0x56436724ab20_0, 4, 16;
    %pushi/vec4 15, 0, 16;
    %ix/load 4, 16, 0;
    %flag_set/imm 4, 0;
    %store/vec4 v0x56436724ab20_0, 4, 16;
    %pushi/vec4 15, 0, 16;
    %ix/load 4, 32, 0;
    %flag_set/imm 4, 0;
    %store/vec4 v0x56436724ab20_0, 4, 16;
    %pushi/vec4 3, 0, 32;
    %store/vec4 v0x56436724ac90_0, 0, 32;
T_13.0 ;
    %load/vec4 v0x56436724ac90_0;
    %cmpi/s 64, 0, 32;
    %jmp/0xz T_13.1, 5;
    %vpi_func 2 56 "$random" 32 {0 0 0};
    %pad/s 16;
    %load/vec4 v0x56436724ac90_0;
    %pad/s 36;
    %muli 16, 0, 36;
    %ix/vec4/s 4;
    %store/vec4 v0x56436724ab20_0, 4, 16;
    %load/vec4 v0x56436724ac90_0;
    %addi 1, 0, 32;
    %store/vec4 v0x56436724ac90_0, 0, 32;
    %jmp T_13.0;
T_13.1 ;
    %pushi/vec4 3, 0, 16;
    %ix/load 4, 1024, 0;
    %flag_set/imm 4, 0;
    %store/vec4 v0x56436724ab20_0, 4, 16;
    %pushi/vec4 240, 0, 16;
    %ix/load 4, 1040, 0;
    %flag_set/imm 4, 0;
    %store/vec4 v0x56436724ab20_0, 4, 16;
    %pushi/vec4 240, 0, 16;
    %ix/load 4, 1056, 0;
    %flag_set/imm 4, 0;
    %store/vec4 v0x56436724ab20_0, 4, 16;
    %pushi/vec4 67, 0, 32;
    %store/vec4 v0x56436724ac90_0, 0, 32;
T_13.2 ;
    %load/vec4 v0x56436724ac90_0;
    %cmpi/s 128, 0, 32;
    %jmp/0xz T_13.3, 5;
    %vpi_func 2 66 "$random" 32 {0 0 0};
    %pad/s 16;
    %load/vec4 v0x56436724ac90_0;
    %pad/s 36;
    %muli 16, 0, 36;
    %ix/vec4/s 4;
    %store/vec4 v0x56436724ab20_0, 4, 16;
    %load/vec4 v0x56436724ac90_0;
    %addi 1, 0, 32;
    %store/vec4 v0x56436724ac90_0, 0, 32;
    %jmp T_13.2;
T_13.3 ;
    %pushi/vec4 7, 0, 16;
    %ix/load 4, 2048, 0;
    %flag_set/imm 4, 0;
    %store/vec4 v0x56436724ab20_0, 4, 16;
    %pushi/vec4 240, 0, 16;
    %ix/load 4, 2064, 0;
    %flag_set/imm 4, 0;
    %store/vec4 v0x56436724ab20_0, 4, 16;
    %pushi/vec4 240, 0, 16;
    %ix/load 4, 2080, 0;
    %flag_set/imm 4, 0;
    %store/vec4 v0x56436724ab20_0, 4, 16;
    %pushi/vec4 131, 0, 32;
    %store/vec4 v0x56436724ac90_0, 0, 32;
T_13.4 ;
    %load/vec4 v0x56436724ac90_0;
    %cmpi/s 256, 0, 32;
    %jmp/0xz T_13.5, 5;
    %vpi_func 2 76 "$random" 32 {0 0 0};
    %pad/s 16;
    %load/vec4 v0x56436724ac90_0;
    %pad/s 36;
    %muli 16, 0, 36;
    %ix/vec4/s 4;
    %store/vec4 v0x56436724ab20_0, 4, 16;
    %load/vec4 v0x56436724ac90_0;
    %addi 1, 0, 32;
    %store/vec4 v0x56436724ac90_0, 0, 32;
    %jmp T_13.4;
T_13.5 ;
    %pushi/vec4 143, 0, 16;
    %ix/load 4, 4096, 0;
    %flag_set/imm 4, 0;
    %store/vec4 v0x56436724ab20_0, 4, 16;
    %pushi/vec4 3840, 0, 16;
    %ix/load 4, 4112, 0;
    %flag_set/imm 4, 0;
    %store/vec4 v0x56436724ab20_0, 4, 16;
    %pushi/vec4 3840, 0, 16;
    %ix/load 4, 4128, 0;
    %flag_set/imm 4, 0;
    %store/vec4 v0x56436724ab20_0, 4, 16;
    %pushi/vec4 259, 0, 32;
    %store/vec4 v0x56436724ac90_0, 0, 32;
T_13.6 ;
    %load/vec4 v0x56436724ac90_0;
    %cmpi/s 1024, 0, 32;
    %jmp/0xz T_13.7, 5;
    %vpi_func 2 84 "$random" 32 {0 0 0};
    %pad/s 16;
    %load/vec4 v0x56436724ac90_0;
    %pad/s 36;
    %muli 16, 0, 36;
    %ix/vec4/s 4;
    %store/vec4 v0x56436724ab20_0, 4, 16;
    %load/vec4 v0x56436724ac90_0;
    %addi 1, 0, 32;
    %store/vec4 v0x56436724ac90_0, 0, 32;
    %jmp T_13.6;
T_13.7 ;
    %delay 100, 0;
    %pushi/vec4 0, 0, 1;
    %store/vec4 v0x56436724ad30_0, 0, 1;
    %delay 200, 0;
    %pushi/vec4 65520, 0, 16;
    %store/vec4 v0x56436724aa80_0, 0, 16;
    %delay 350, 0;
    %delay 850, 0;
    %pushi/vec4 65280, 0, 16;
    %store/vec4 v0x56436724aa80_0, 0, 16;
    %delay 600, 0;
    %pushi/vec4 65295, 0, 16;
    %store/vec4 v0x56436724aa80_0, 0, 16;
    %delay 4500, 0;
    %pushi/vec4 65535, 0, 16;
    %store/vec4 v0x56436724aa80_0, 0, 16;
    %delay 120, 0;
    %pushi/vec4 65295, 0, 16;
    %store/vec4 v0x56436724aa80_0, 0, 16;
    %delay 2400, 0;
    %pushi/vec4 65535, 0, 16;
    %store/vec4 v0x56436724aa80_0, 0, 16;
    %delay 20, 0;
    %pushi/vec4 65295, 0, 16;
    %store/vec4 v0x56436724aa80_0, 0, 16;
    %delay 3400, 0;
    %pushi/vec4 65535, 0, 16;
    %store/vec4 v0x56436724aa80_0, 0, 16;
    %delay 1900, 0;
    %delay 4500, 0;
    %delay 4500, 0;
    %vpi_call 2 134 "$finish" {0 0 0};
    %end;
    .thread T_13;
# The file index is used to find the file name in the following table.
:file_names 4;
    "N/A";
    "<interactive>";
    "testbench.v";
    "scheduler.v";
