#! /usr/bin/vvp
:ivl_version "11.0 (stable)";
:ivl_delay_selection "TYPICAL";
:vpi_time_precision - 10;
:vpi_module "/usr/lib/x86_64-linux-gnu/ivl/system.vpi";
:vpi_module "/usr/lib/x86_64-linux-gnu/ivl/vhdl_sys.vpi";
:vpi_module "/usr/lib/x86_64-linux-gnu/ivl/vhdl_textio.vpi";
:vpi_module "/usr/lib/x86_64-linux-gnu/ivl/v2005_math.vpi";
:vpi_module "/usr/lib/x86_64-linux-gnu/ivl/va_math.vpi";
S_0x5564a928fcc0 .scope module, "testbench" "testbench" 2 3;
 .timescale -9 -10;
P_0x5564a928fe50 .param/l "DATA_DEPTH" 0 2 4, +C4<00000000000000000000010000000000>;
v0x5564a92bdda0_0 .var "clk", 0 0;
v0x5564a92bde90_0 .var "core_reading", 0 0;
v0x5564a92bdf60_0 .var "core_ready", 15 0;
v0x5564a92be060_0 .var "data_frames_in", 16383 0;
o0x7f486e6a1168 .functor BUFZ 1, C4<z>; HiZ drive
v0x5564a92be160_0 .net "frame_being_sent", 0 0, o0x7f486e6a1168;  0 drivers
v0x5564a92be200_0 .var/i "i", 31 0;
v0x5564a92be2a0_0 .var "prog_loading", 0 0;
v0x5564a92be370_0 .var "reset", 0 0;
S_0x5564a928fef0 .scope module, "new_sched" "new_sched" 2 21, 3 10 0, S_0x5564a928fcc0;
 .timescale 0 0;
    .port_info 0 /INPUT 1 "clk";
    .port_info 1 /INPUT 1 "reset";
    .port_info 2 /INPUT 1 "core_reading";
    .port_info 3 /INPUT 1 "prog_loading";
    .port_info 4 /OUTPUT 1 "frame_being_sent";
    .port_info 5 /INPUT 16384 "data_frames_in";
    .port_info 6 /INPUT 16 "core_ready";
    .port_info 7 /OUTPUT 16 "init_r0_vect";
    .port_info 8 /OUTPUT 32 "mess_to_core";
    .port_info 9 /OUTPUT 16 "tmp_mess_to_core";
    .port_info 10 /OUTPUT 128 "r0_data";
P_0x5564a929e040 .param/l "BUS_TO_CORE" 0 3 16, +C4<00000000000000000000000000100000>;
P_0x5564a929e080 .param/l "CORE_NUM" 0 3 15, +C4<00000000000000000000000000010000>;
P_0x5564a929e0c0 .param/l "DATA_DEPTH" 0 3 12, +C4<00000000000000000000010000000000>;
P_0x5564a929e100 .param/l "FRAME_SIZE" 0 3 14, +C4<00000000000000000000000000010000>;
P_0x5564a929e140 .param/l "INSTR_SIZE" 0 3 13, +C4<00000000000000000000000000010000>;
P_0x5564a929e180 .param/l "R0_DEPTH" 0 3 17, +C4<00000000000000000000000000001000>;
L_0x5564a926b160 .functor NOT 16, v0x5564a92bdf60_0, C4<0000000000000000>, C4<0000000000000000>, C4<0000000000000000>;
v0x5564a926c1d0_0 .net "clk", 0 0, v0x5564a92bdda0_0;  1 drivers
v0x5564a926e550_0 .net "core_reading", 0 0, v0x5564a92bde90_0;  1 drivers
v0x5564a9270080_0 .net "core_ready", 15 0, v0x5564a92bdf60_0;  1 drivers
v0x5564a9271650 .array "data_frames", 0 1023, 15 0;
v0x5564a92729f0_0 .net "data_frames_in", 16383 0, v0x5564a92be060_0;  1 drivers
v0x5564a9274290_0 .var "exec_mask", 15 0;
v0x5564a9276a00_0 .net "exec_mask2", 15 0, L_0x5564a926b160;  1 drivers
v0x5564a92bd040_0 .var "fence", 1 0;
v0x5564a92bd120_0 .net "frame_being_sent", 0 0, o0x7f486e6a1168;  alias, 0 drivers
v0x5564a92bd1e0_0 .var "global_tp", 9 0;
v0x5564a92bd2c0_0 .var/i "i", 31 0;
v0x5564a92bd3a0_0 .var "if_num", 5 0;
v0x5564a92bd480_0 .var "init_r0_vect", 15 0;
v0x5564a92bd560_0 .var/i "j", 31 0;
v0x5564a92bd640_0 .var "last_mask", 15 0;
v0x5564a92bd720_0 .var "mess_to_core", 31 0;
v0x5564a92bd800_0 .net "prog_loading", 0 0, v0x5564a92be2a0_0;  1 drivers
v0x5564a92bd8c0_0 .var "r0_data", 127 0;
v0x5564a92bd980_0 .net "reset", 0 0, v0x5564a92be370_0;  1 drivers
v0x5564a92bda40_0 .var "tmp_mess_to_core", 15 0;
v0x5564a92bdb20_0 .var "wait_it", 0 0;
E_0x5564a9279f10 .event posedge, v0x5564a926c1d0_0;
    .scope S_0x5564a928fef0;
T_0 ;
    %wait E_0x5564a9279f10;
    %load/vec4 v0x5564a92bd980_0;
    %flag_set/vec4 8;
    %jmp/0xz  T_0.0, 8;
    %pushi/vec4 0, 0, 16;
    %assign/vec4 v0x5564a92bd640_0, 0;
    %pushi/vec4 0, 0, 2;
    %assign/vec4 v0x5564a92bd040_0, 0;
    %jmp T_0.1;
T_0.0 ;
    %load/vec4 v0x5564a92bd800_0;
    %nor/r;
    %load/vec4 v0x5564a92bd3a0_0;
    %pad/u 32;
    %pushi/vec4 0, 0, 32;
    %cmp/e;
    %flag_get/vec4 4;
    %and;
    %load/vec4 v0x5564a92bd1e0_0;
    %pad/u 33;
    %addi 1, 0, 33;
    %ix/vec4 4;
    %load/vec4a v0x5564a9271650, 4;
    %load/vec4 v0x5564a9274290_0;
    %and;
    %pushi/vec4 0, 0, 16;
    %cmp/ne;
    %flag_get/vec4 4;
    %load/vec4 v0x5564a92bdb20_0;
    %or;
    %load/vec4 v0x5564a92bd1e0_0;
    %pad/u 12;
    %ix/vec4 4;
    %load/vec4a v0x5564a9271650, 4;
    %pushi/vec4 192, 0, 16;
    %and;
    %ix/load 4, 6, 0;
    %flag_set/imm 4, 0;
    %shiftr 4;
    %pushi/vec4 2, 0, 16;
    %cmp/e;
    %flag_get/vec4 4;
    %load/vec4 v0x5564a9274290_0;
    %pushi/vec4 0, 0, 16;
    %cmp/ne;
    %flag_get/vec4 4;
    %and;
    %or;
    %nor/r;
    %and;
    %flag_set/vec4 8;
    %jmp/0xz  T_0.2, 8;
    %load/vec4 v0x5564a92bd1e0_0;
    %pad/u 12;
    %ix/vec4 4;
    %load/vec4a v0x5564a9271650, 4;
    %pushi/vec4 192, 0, 16;
    %and;
    %ix/load 4, 6, 0;
    %flag_set/imm 4, 0;
    %shiftr 4;
    %pad/u 2;
    %assign/vec4 v0x5564a92bd040_0, 0;
    %load/vec4 v0x5564a92bd1e0_0;
    %pad/u 33;
    %addi 1, 0, 33;
    %ix/vec4 4;
    %load/vec4a v0x5564a9271650, 4;
    %assign/vec4 v0x5564a92bd640_0, 0;
T_0.2 ;
T_0.1 ;
    %jmp T_0;
    .thread T_0;
    .scope S_0x5564a928fef0;
T_1 ;
    %wait E_0x5564a9279f10;
    %load/vec4 v0x5564a92bd800_0;
    %nor/r;
    %load/vec4 v0x5564a926e550_0;
    %and;
    %load/vec4 v0x5564a92bd3a0_0;
    %pad/u 32;
    %pushi/vec4 0, 0, 32;
    %cmp/ne;
    %flag_get/vec4 4;
    %and;
    %flag_set/vec4 8;
    %jmp/0xz  T_1.0, 8;
    %load/vec4 v0x5564a92bd1e0_0;
    %pad/u 12;
    %ix/vec4 4;
    %load/vec4a v0x5564a9271650, 4;
    %assign/vec4 v0x5564a92bda40_0, 0;
    %jmp T_1.1;
T_1.0 ;
    %load/vec4 v0x5564a92bd800_0;
    %nor/r;
    %load/vec4 v0x5564a926e550_0;
    %and;
    %load/vec4 v0x5564a92bd3a0_0;
    %pad/u 32;
    %pushi/vec4 0, 0, 32;
    %cmp/e;
    %flag_get/vec4 4;
    %and;
    %flag_set/vec4 8;
    %jmp/0xz  T_1.2, 8;
    %load/vec4 v0x5564a92bd1e0_0;
    %pad/u 33;
    %addi 2, 0, 33;
    %ix/vec4 4;
    %load/vec4a v0x5564a9271650, 4;
    %assign/vec4 v0x5564a92bda40_0, 0;
    %pushi/vec4 0, 0, 32;
    %store/vec4 v0x5564a92bd2c0_0, 0, 32;
T_1.4 ;
    %load/vec4 v0x5564a92bd2c0_0;
    %cmpi/s 16, 0, 32;
    %jmp/0xz T_1.5, 5;
    %load/vec4 v0x5564a92bd480_0;
    %load/vec4 v0x5564a92bd2c0_0;
    %part/s 1;
    %flag_set/vec4 8;
    %jmp/0xz  T_1.6, 8;
    %load/vec4 v0x5564a92bd1e0_0;
    %pad/u 34;
    %load/vec4 v0x5564a92bd2c0_0;
    %pad/u 34;
    %add;
    %addi 16, 0, 34;
    %ix/vec4 4;
    %load/vec4a v0x5564a9271650, 4;
    %ix/load 5, 0, 0;
    %load/vec4 v0x5564a92bd2c0_0;
    %pad/s 36;
    %muli 16, 0, 36;
    %ix/vec4/s 4;
    %assign/vec4/off/d v0x5564a92bd8c0_0, 4, 5;
T_1.6 ;
    %load/vec4 v0x5564a92bd2c0_0;
    %addi 1, 0, 32;
    %store/vec4 v0x5564a92bd2c0_0, 0, 32;
    %jmp T_1.4;
T_1.5 ;
T_1.2 ;
T_1.1 ;
    %jmp T_1;
    .thread T_1;
    .scope S_0x5564a928fef0;
T_2 ;
    %wait E_0x5564a9279f10;
    %load/vec4 v0x5564a92bd980_0;
    %flag_set/vec4 8;
    %jmp/0xz  T_2.0, 8;
    %pushi/vec4 0, 0, 10;
    %assign/vec4 v0x5564a92bd1e0_0, 0;
    %jmp T_2.1;
T_2.0 ;
    %load/vec4 v0x5564a92bd800_0;
    %nor/r;
    %load/vec4 v0x5564a92bd3a0_0;
    %pad/u 32;
    %pushi/vec4 0, 0, 32;
    %cmp/e;
    %flag_get/vec4 4;
    %and;
    %load/vec4 v0x5564a92bd1e0_0;
    %pad/u 33;
    %addi 1, 0, 33;
    %ix/vec4 4;
    %load/vec4a v0x5564a9271650, 4;
    %load/vec4 v0x5564a9274290_0;
    %and;
    %pushi/vec4 0, 0, 16;
    %cmp/ne;
    %flag_get/vec4 4;
    %load/vec4 v0x5564a92bdb20_0;
    %or;
    %load/vec4 v0x5564a92bd1e0_0;
    %pad/u 12;
    %ix/vec4 4;
    %load/vec4a v0x5564a9271650, 4;
    %pushi/vec4 192, 0, 16;
    %and;
    %ix/load 4, 6, 0;
    %flag_set/imm 4, 0;
    %shiftr 4;
    %pushi/vec4 2, 0, 16;
    %cmp/e;
    %flag_get/vec4 4;
    %load/vec4 v0x5564a9274290_0;
    %pushi/vec4 0, 0, 16;
    %cmp/ne;
    %flag_get/vec4 4;
    %and;
    %or;
    %nor/r;
    %and;
    %flag_set/vec4 8;
    %jmp/0xz  T_2.2, 8;
    %load/vec4 v0x5564a92bd1e0_0;
    %addi 16, 0, 10;
    %assign/vec4 v0x5564a92bd1e0_0, 0;
    %jmp T_2.3;
T_2.2 ;
    %load/vec4 v0x5564a92bd800_0;
    %nor/r;
    %load/vec4 v0x5564a926e550_0;
    %and;
    %load/vec4 v0x5564a92bd3a0_0;
    %pad/u 32;
    %pushi/vec4 0, 0, 32;
    %cmp/ne;
    %flag_get/vec4 4;
    %and;
    %flag_set/vec4 8;
    %jmp/0xz  T_2.4, 8;
    %load/vec4 v0x5564a92bd1e0_0;
    %addi 1, 0, 10;
    %assign/vec4 v0x5564a92bd1e0_0, 0;
T_2.4 ;
T_2.3 ;
T_2.1 ;
    %jmp T_2;
    .thread T_2;
    .scope S_0x5564a928fef0;
T_3 ;
    %wait E_0x5564a9279f10;
    %load/vec4 v0x5564a92bd980_0;
    %flag_set/vec4 8;
    %jmp/0xz  T_3.0, 8;
    %pushi/vec4 0, 0, 6;
    %assign/vec4 v0x5564a92bd3a0_0, 0;
    %jmp T_3.1;
T_3.0 ;
    %load/vec4 v0x5564a92bd800_0;
    %nor/r;
    %load/vec4 v0x5564a92bd3a0_0;
    %pushi/vec4 0, 0, 6;
    %cmp/ne;
    %flag_get/vec4 4;
    %and;
    %load/vec4 v0x5564a926e550_0;
    %and;
    %load/vec4 v0x5564a92bd1e0_0;
    %parti/s 4, 0, 2;
    %pushi/vec4 15, 0, 4;
    %cmp/e;
    %flag_get/vec4 4;
    %and;
    %flag_set/vec4 8;
    %jmp/0xz  T_3.2, 8;
    %load/vec4 v0x5564a92bd3a0_0;
    %subi 1, 0, 6;
    %assign/vec4 v0x5564a92bd3a0_0, 0;
    %jmp T_3.3;
T_3.2 ;
    %load/vec4 v0x5564a92bd800_0;
    %nor/r;
    %load/vec4 v0x5564a92bd3a0_0;
    %pad/u 32;
    %pushi/vec4 0, 0, 32;
    %cmp/e;
    %flag_get/vec4 4;
    %and;
    %load/vec4 v0x5564a92bd1e0_0;
    %pad/u 33;
    %addi 1, 0, 33;
    %ix/vec4 4;
    %load/vec4a v0x5564a9271650, 4;
    %load/vec4 v0x5564a9274290_0;
    %and;
    %pushi/vec4 0, 0, 16;
    %cmp/ne;
    %flag_get/vec4 4;
    %load/vec4 v0x5564a92bdb20_0;
    %or;
    %load/vec4 v0x5564a92bd1e0_0;
    %pad/u 12;
    %ix/vec4 4;
    %load/vec4a v0x5564a9271650, 4;
    %pushi/vec4 192, 0, 16;
    %and;
    %ix/load 4, 6, 0;
    %flag_set/imm 4, 0;
    %shiftr 4;
    %pushi/vec4 2, 0, 16;
    %cmp/e;
    %flag_get/vec4 4;
    %load/vec4 v0x5564a9274290_0;
    %pushi/vec4 0, 0, 16;
    %cmp/ne;
    %flag_get/vec4 4;
    %and;
    %or;
    %nor/r;
    %and;
    %flag_set/vec4 8;
    %jmp/0xz  T_3.4, 8;
    %load/vec4 v0x5564a92bd1e0_0;
    %pad/u 12;
    %ix/vec4 4;
    %load/vec4a v0x5564a9271650, 4;
    %pushi/vec4 63, 0, 16;
    %and;
    %pad/u 6;
    %assign/vec4 v0x5564a92bd3a0_0, 0;
T_3.4 ;
T_3.3 ;
T_3.1 ;
    %jmp T_3;
    .thread T_3;
    .scope S_0x5564a928fef0;
T_4 ;
    %wait E_0x5564a9279f10;
    %load/vec4 v0x5564a92bd980_0;
    %flag_set/vec4 8;
    %jmp/0xz  T_4.0, 8;
    %pushi/vec4 0, 0, 16;
    %assign/vec4 v0x5564a9274290_0, 0;
    %jmp T_4.1;
T_4.0 ;
    %load/vec4 v0x5564a92bd800_0;
    %nor/r;
    %flag_set/vec4 8;
    %jmp/0xz  T_4.2, 8;
    %load/vec4 v0x5564a9270080_0;
    %inv;
    %load/vec4 v0x5564a9274290_0;
    %and;
    %assign/vec4 v0x5564a9274290_0, 0;
    %load/vec4 v0x5564a92bd3a0_0;
    %pad/u 32;
    %pushi/vec4 0, 0, 32;
    %cmp/e;
    %flag_get/vec4 4;
    %load/vec4 v0x5564a92bd1e0_0;
    %pad/u 33;
    %addi 1, 0, 33;
    %ix/vec4 4;
    %load/vec4a v0x5564a9271650, 4;
    %load/vec4 v0x5564a9274290_0;
    %and;
    %pushi/vec4 0, 0, 16;
    %cmp/ne;
    %flag_get/vec4 4;
    %load/vec4 v0x5564a92bdb20_0;
    %or;
    %load/vec4 v0x5564a92bd1e0_0;
    %pad/u 12;
    %ix/vec4 4;
    %load/vec4a v0x5564a9271650, 4;
    %pushi/vec4 192, 0, 16;
    %and;
    %ix/load 4, 6, 0;
    %flag_set/imm 4, 0;
    %shiftr 4;
    %pushi/vec4 2, 0, 16;
    %cmp/e;
    %flag_get/vec4 4;
    %load/vec4 v0x5564a9274290_0;
    %pushi/vec4 0, 0, 16;
    %cmp/ne;
    %flag_get/vec4 4;
    %and;
    %or;
    %nor/r;
    %and;
    %flag_set/vec4 8;
    %jmp/0xz  T_4.4, 8;
    %load/vec4 v0x5564a9274290_0;
    %load/vec4 v0x5564a92bd1e0_0;
    %pad/u 33;
    %addi 1, 0, 33;
    %ix/vec4 4;
    %load/vec4a v0x5564a9271650, 4;
    %or;
    %assign/vec4 v0x5564a9274290_0, 0;
T_4.4 ;
T_4.2 ;
T_4.1 ;
    %jmp T_4;
    .thread T_4;
    .scope S_0x5564a928fef0;
T_5 ;
    %wait E_0x5564a9279f10;
    %load/vec4 v0x5564a92bd980_0;
    %flag_set/vec4 8;
    %jmp/0xz  T_5.0, 8;
    %pushi/vec4 0, 0, 16;
    %assign/vec4 v0x5564a92bd640_0, 0;
    %jmp T_5.1;
T_5.0 ;
    %load/vec4 v0x5564a92bd800_0;
    %nor/r;
    %load/vec4 v0x5564a92bd3a0_0;
    %pad/u 32;
    %pushi/vec4 0, 0, 32;
    %cmp/e;
    %flag_get/vec4 4;
    %and;
    %load/vec4 v0x5564a92bd1e0_0;
    %pad/u 33;
    %addi 1, 0, 33;
    %ix/vec4 4;
    %load/vec4a v0x5564a9271650, 4;
    %load/vec4 v0x5564a9274290_0;
    %and;
    %pushi/vec4 0, 0, 16;
    %cmp/ne;
    %flag_get/vec4 4;
    %load/vec4 v0x5564a92bdb20_0;
    %or;
    %load/vec4 v0x5564a92bd1e0_0;
    %pad/u 12;
    %ix/vec4 4;
    %load/vec4a v0x5564a9271650, 4;
    %pushi/vec4 192, 0, 16;
    %and;
    %ix/load 4, 6, 0;
    %flag_set/imm 4, 0;
    %shiftr 4;
    %pushi/vec4 2, 0, 16;
    %cmp/e;
    %flag_get/vec4 4;
    %load/vec4 v0x5564a9274290_0;
    %pushi/vec4 0, 0, 16;
    %cmp/ne;
    %flag_get/vec4 4;
    %and;
    %or;
    %nor/r;
    %and;
    %flag_set/vec4 8;
    %jmp/0xz  T_5.2, 8;
    %load/vec4 v0x5564a92bd1e0_0;
    %pad/u 33;
    %addi 1, 0, 33;
    %ix/vec4 4;
    %load/vec4a v0x5564a9271650, 4;
    %assign/vec4 v0x5564a92bd640_0, 0;
T_5.2 ;
T_5.1 ;
    %jmp T_5;
    .thread T_5;
    .scope S_0x5564a928fef0;
T_6 ;
    %wait E_0x5564a9279f10;
    %load/vec4 v0x5564a92bd980_0;
    %flag_set/vec4 8;
    %jmp/0xz  T_6.0, 8;
    %pushi/vec4 0, 0, 1;
    %assign/vec4 v0x5564a92bdb20_0, 0;
    %jmp T_6.1;
T_6.0 ;
    %load/vec4 v0x5564a92bd800_0;
    %nor/r;
    %load/vec4 v0x5564a92bd3a0_0;
    %pad/u 32;
    %pushi/vec4 0, 0, 32;
    %cmp/e;
    %flag_get/vec4 4;
    %and;
    %load/vec4 v0x5564a92bd1e0_0;
    %pad/u 33;
    %addi 1, 0, 33;
    %ix/vec4 4;
    %load/vec4a v0x5564a9271650, 4;
    %load/vec4 v0x5564a9274290_0;
    %and;
    %pushi/vec4 0, 0, 16;
    %cmp/ne;
    %flag_get/vec4 4;
    %load/vec4 v0x5564a92bdb20_0;
    %or;
    %load/vec4 v0x5564a92bd1e0_0;
    %pad/u 12;
    %ix/vec4 4;
    %load/vec4a v0x5564a9271650, 4;
    %pushi/vec4 192, 0, 16;
    %and;
    %ix/load 4, 6, 0;
    %flag_set/imm 4, 0;
    %shiftr 4;
    %pushi/vec4 2, 0, 16;
    %cmp/e;
    %flag_get/vec4 4;
    %load/vec4 v0x5564a9274290_0;
    %pushi/vec4 0, 0, 16;
    %cmp/ne;
    %flag_get/vec4 4;
    %and;
    %or;
    %nor/r;
    %and;
    %load/vec4 v0x5564a92bd1e0_0;
    %pad/u 12;
    %ix/vec4 4;
    %load/vec4a v0x5564a9271650, 4;
    %pushi/vec4 192, 0, 16;
    %and;
    %ix/load 4, 6, 0;
    %flag_set/imm 4, 0;
    %shiftr 4;
    %pushi/vec4 1, 0, 16;
    %cmp/e;
    %flag_get/vec4 4;
    %and;
    %flag_set/vec4 8;
    %jmp/0xz  T_6.2, 8;
    %pushi/vec4 1, 0, 1;
    %assign/vec4 v0x5564a92bdb20_0, 0;
    %jmp T_6.3;
T_6.2 ;
    %load/vec4 v0x5564a92bd640_0;
    %load/vec4 v0x5564a9274290_0;
    %and;
    %nor/r;
    %flag_set/vec4 8;
    %jmp/0xz  T_6.4, 8;
    %pushi/vec4 0, 0, 1;
    %assign/vec4 v0x5564a92bdb20_0, 0;
T_6.4 ;
T_6.3 ;
T_6.1 ;
    %jmp T_6;
    .thread T_6;
    .scope S_0x5564a928fef0;
T_7 ;
    %wait E_0x5564a9279f10;
    %load/vec4 v0x5564a92bd800_0;
    %flag_set/vec4 8;
    %jmp/0xz  T_7.0, 8;
    %pushi/vec4 0, 0, 32;
    %store/vec4 v0x5564a92bd560_0, 0, 32;
T_7.2 ;
    %load/vec4 v0x5564a92bd560_0;
    %cmpi/s 1024, 0, 32;
    %jmp/0xz T_7.3, 5;
    %load/vec4 v0x5564a92729f0_0;
    %load/vec4 v0x5564a92bd560_0;
    %pad/s 36;
    %muli 16, 0, 36;
    %part/s 16;
    %ix/getv/s 3, v0x5564a92bd560_0;
    %ix/load 4, 0, 0; Constant delay
    %assign/vec4/a/d v0x5564a9271650, 0, 4;
    ; show_stmt_assign_vector: Get l-value for compressed += operand
    %load/vec4 v0x5564a92bd560_0;
    %pushi/vec4 1, 0, 32;
    %add;
    %store/vec4 v0x5564a92bd560_0, 0, 32;
    %jmp T_7.2;
T_7.3 ;
T_7.0 ;
    %jmp T_7;
    .thread T_7;
    .scope S_0x5564a928fcc0;
T_8 ;
    %delay 10, 0;
    %load/vec4 v0x5564a92bdda0_0;
    %inv;
    %store/vec4 v0x5564a92bdda0_0, 0, 1;
    %jmp T_8;
    .thread T_8;
    .scope S_0x5564a928fcc0;
T_9 ;
    %pushi/vec4 0, 0, 1;
    %assign/vec4 v0x5564a92bdda0_0, 0;
    %pushi/vec4 1, 0, 1;
    %assign/vec4 v0x5564a92be370_0, 0;
    %pushi/vec4 65535, 0, 16;
    %assign/vec4 v0x5564a92bdf60_0, 0;
    %pushi/vec4 1, 0, 1;
    %assign/vec4 v0x5564a92bde90_0, 0;
    %pushi/vec4 1, 0, 1;
    %assign/vec4 v0x5564a92be2a0_0, 0;
    %end;
    .thread T_9;
    .scope S_0x5564a928fcc0;
T_10 ;
    %vpi_call 2 44 "$dumpfile", "dump.vcd" {0 0 0};
    %vpi_call 2 44 "$dumpvars", 32'sb00000000000000000000000000000000, S_0x5564a928fcc0 {0 0 0};
    %delay 100, 0;
    %pushi/vec4 0, 0, 1;
    %store/vec4 v0x5564a92be370_0, 0, 1;
    %delay 100, 0;
    %pushi/vec4 67, 0, 16;
    %ix/load 4, 0, 0;
    %flag_set/imm 4, 0;
    %store/vec4 v0x5564a92be060_0, 4, 16;
    %pushi/vec4 15, 0, 16;
    %ix/load 4, 16, 0;
    %flag_set/imm 4, 0;
    %store/vec4 v0x5564a92be060_0, 4, 16;
    %pushi/vec4 15, 0, 16;
    %ix/load 4, 32, 0;
    %flag_set/imm 4, 0;
    %store/vec4 v0x5564a92be060_0, 4, 16;
    %pushi/vec4 3, 0, 32;
    %store/vec4 v0x5564a92be200_0, 0, 32;
T_10.0 ;
    %load/vec4 v0x5564a92be200_0;
    %cmpi/s 64, 0, 32;
    %jmp/0xz T_10.1, 5;
    %vpi_func 2 53 "$random" 32 {0 0 0};
    %pad/s 16;
    %load/vec4 v0x5564a92be200_0;
    %pad/s 36;
    %muli 16, 0, 36;
    %ix/vec4/s 4;
    %store/vec4 v0x5564a92be060_0, 4, 16;
    %load/vec4 v0x5564a92be200_0;
    %addi 1, 0, 32;
    %store/vec4 v0x5564a92be200_0, 0, 32;
    %jmp T_10.0;
T_10.1 ;
    %pushi/vec4 3, 0, 16;
    %ix/load 4, 1024, 0;
    %flag_set/imm 4, 0;
    %store/vec4 v0x5564a92be060_0, 4, 16;
    %pushi/vec4 240, 0, 16;
    %ix/load 4, 1040, 0;
    %flag_set/imm 4, 0;
    %store/vec4 v0x5564a92be060_0, 4, 16;
    %pushi/vec4 240, 0, 16;
    %ix/load 4, 1056, 0;
    %flag_set/imm 4, 0;
    %store/vec4 v0x5564a92be060_0, 4, 16;
    %pushi/vec4 67, 0, 32;
    %store/vec4 v0x5564a92be200_0, 0, 32;
T_10.2 ;
    %load/vec4 v0x5564a92be200_0;
    %cmpi/s 128, 0, 32;
    %jmp/0xz T_10.3, 5;
    %vpi_func 2 63 "$random" 32 {0 0 0};
    %pad/s 16;
    %load/vec4 v0x5564a92be200_0;
    %pad/s 36;
    %muli 16, 0, 36;
    %ix/vec4/s 4;
    %store/vec4 v0x5564a92be060_0, 4, 16;
    %load/vec4 v0x5564a92be200_0;
    %addi 1, 0, 32;
    %store/vec4 v0x5564a92be200_0, 0, 32;
    %jmp T_10.2;
T_10.3 ;
    %pushi/vec4 7, 0, 16;
    %ix/load 4, 2048, 0;
    %flag_set/imm 4, 0;
    %store/vec4 v0x5564a92be060_0, 4, 16;
    %pushi/vec4 240, 0, 16;
    %ix/load 4, 2064, 0;
    %flag_set/imm 4, 0;
    %store/vec4 v0x5564a92be060_0, 4, 16;
    %pushi/vec4 240, 0, 16;
    %ix/load 4, 2080, 0;
    %flag_set/imm 4, 0;
    %store/vec4 v0x5564a92be060_0, 4, 16;
    %pushi/vec4 131, 0, 32;
    %store/vec4 v0x5564a92be200_0, 0, 32;
T_10.4 ;
    %load/vec4 v0x5564a92be200_0;
    %cmpi/s 256, 0, 32;
    %jmp/0xz T_10.5, 5;
    %vpi_func 2 73 "$random" 32 {0 0 0};
    %pad/s 16;
    %load/vec4 v0x5564a92be200_0;
    %pad/s 36;
    %muli 16, 0, 36;
    %ix/vec4/s 4;
    %store/vec4 v0x5564a92be060_0, 4, 16;
    %load/vec4 v0x5564a92be200_0;
    %addi 1, 0, 32;
    %store/vec4 v0x5564a92be200_0, 0, 32;
    %jmp T_10.4;
T_10.5 ;
    %pushi/vec4 143, 0, 16;
    %ix/load 4, 4096, 0;
    %flag_set/imm 4, 0;
    %store/vec4 v0x5564a92be060_0, 4, 16;
    %pushi/vec4 3840, 0, 16;
    %ix/load 4, 4112, 0;
    %flag_set/imm 4, 0;
    %store/vec4 v0x5564a92be060_0, 4, 16;
    %pushi/vec4 3840, 0, 16;
    %ix/load 4, 4128, 0;
    %flag_set/imm 4, 0;
    %store/vec4 v0x5564a92be060_0, 4, 16;
    %pushi/vec4 259, 0, 32;
    %store/vec4 v0x5564a92be200_0, 0, 32;
T_10.6 ;
    %load/vec4 v0x5564a92be200_0;
    %cmpi/s 1024, 0, 32;
    %jmp/0xz T_10.7, 5;
    %vpi_func 2 81 "$random" 32 {0 0 0};
    %pad/s 16;
    %load/vec4 v0x5564a92be200_0;
    %pad/s 36;
    %muli 16, 0, 36;
    %ix/vec4/s 4;
    %store/vec4 v0x5564a92be060_0, 4, 16;
    %load/vec4 v0x5564a92be200_0;
    %addi 1, 0, 32;
    %store/vec4 v0x5564a92be200_0, 0, 32;
    %jmp T_10.6;
T_10.7 ;
    %delay 100, 0;
    %pushi/vec4 0, 0, 1;
    %store/vec4 v0x5564a92be2a0_0, 0, 1;
    %pushi/vec4 65520, 0, 16;
    %store/vec4 v0x5564a92bdf60_0, 0, 16;
    %delay 350, 0;
    %delay 650, 0;
    %pushi/vec4 65280, 0, 16;
    %store/vec4 v0x5564a92bdf60_0, 0, 16;
    %delay 600, 0;
    %pushi/vec4 65295, 0, 16;
    %store/vec4 v0x5564a92bdf60_0, 0, 16;
    %delay 4500, 0;
    %pushi/vec4 65535, 0, 16;
    %store/vec4 v0x5564a92bdf60_0, 0, 16;
    %delay 20, 0;
    %pushi/vec4 65295, 0, 16;
    %store/vec4 v0x5564a92bdf60_0, 0, 16;
    %delay 2400, 0;
    %pushi/vec4 65535, 0, 16;
    %store/vec4 v0x5564a92bdf60_0, 0, 16;
    %delay 20, 0;
    %pushi/vec4 65295, 0, 16;
    %store/vec4 v0x5564a92bdf60_0, 0, 16;
    %delay 1900, 0;
    %delay 4500, 0;
    %delay 4500, 0;
    %vpi_call 2 127 "$finish" {0 0 0};
    %end;
    .thread T_10;
# The file index is used to find the file name in the following table.
:file_names 4;
    "N/A";
    "<interactive>";
    "testbench.v";
    "new_sched.v";
