#! /usr/bin/vvp
:ivl_version "11.0 (stable)";
:ivl_delay_selection "TYPICAL";
:vpi_time_precision - 10;
:vpi_module "/usr/lib/x86_64-linux-gnu/ivl/system.vpi";
:vpi_module "/usr/lib/x86_64-linux-gnu/ivl/vhdl_sys.vpi";
:vpi_module "/usr/lib/x86_64-linux-gnu/ivl/vhdl_textio.vpi";
:vpi_module "/usr/lib/x86_64-linux-gnu/ivl/v2005_math.vpi";
:vpi_module "/usr/lib/x86_64-linux-gnu/ivl/va_math.vpi";
S_0x56122b591460 .scope module, "testbench" "testbench" 2 3;
 .timescale -9 -10;
P_0x56122b5d7d40 .param/l "DATA_DEPTH" 0 2 4, +C4<00000000000000000000010000000000>;
v0x56122b6180c0_0 .var "clk", 0 0;
v0x56122b618180_0 .var "core_reading", 0 0;
v0x56122b618220_0 .var "core_ready", 15 0;
v0x56122b618320_0 .var "data_frames_in", 16383 0;
o0x7f7e10779248 .functor BUFZ 1, C4<z>; HiZ drive
v0x56122b618420_0 .net "frame_being_sent", 0 0, o0x7f7e10779248;  0 drivers
v0x56122b618510_0 .var/i "i", 31 0;
v0x56122b6185b0_0 .var "prog_loading", 0 0;
v0x56122b618680_0 .var "reset", 0 0;
S_0x56122b5d9be0 .scope module, "new_sched" "new_sched" 2 39, 3 7 0, S_0x56122b591460;
 .timescale -9 -10;
    .port_info 0 /INPUT 1 "clk";
    .port_info 1 /INPUT 1 "reset";
    .port_info 2 /INPUT 1 "core_reading";
    .port_info 3 /INPUT 1 "prog_loading";
    .port_info 4 /OUTPUT 1 "frame_being_sent";
    .port_info 5 /INPUT 16384 "data_frames_in";
    .port_info 6 /INPUT 16 "core_ready";
    .port_info 7 /OUTPUT 16 "mess_to_core";
    .port_info 8 /OUTPUT 1 "r0_loading";
    .port_info 9 /OUTPUT 1 "if_loading";
    .port_info 10 /OUTPUT 1 "core_mask_loading";
    .port_info 11 /OUTPUT 1 "r0_mask_loading";
P_0x56122b5f3e10 .param/l "BUS_TO_CORE" 0 3 16, +C4<00000000000000000000000000010000>;
P_0x56122b5f3e50 .param/l "CORE_NUM" 0 3 15, +C4<00000000000000000000000000010000>;
P_0x56122b5f3e90 .param/l "CTRL_DATA_SIZE" 0 3 11, +C4<00000000000000000000000000110000>;
P_0x56122b5f3ed0 .param/l "DATA_DEPTH" 0 3 9, +C4<00000000000000000000010000000000>;
P_0x56122b5f3f10 .param/l "FRAME_NUM" 0 3 14, +C4<00000000000000000000000001000000>;
P_0x56122b5f3f50 .param/l "FRAME_SIZE" 0 3 13, +C4<00000000000000000000000100000000>;
P_0x56122b5f3f90 .param/l "INSTR_SIZE" 0 3 12, +C4<00000000000000000000000000010000>;
P_0x56122b5f3fd0 .param/l "R0_DATA_SIZE" 0 3 10, +C4<00000000000000000000000010000000>;
P_0x56122b5f4010 .param/l "R0_DEPTH" 0 3 17, +C4<00000000000000000000000000001000>;
L_0x56122b62b6e0 .functor BUFZ 16, L_0x56122b5e8950, C4<0000000000000000>, C4<0000000000000000>, C4<0000000000000000>;
L_0x7f7e1072f6d8 .functor BUFT 1, C4<0000000011000000>, C4<0>, C4<0>, C4<0>;
L_0x56122b62b7a0 .functor AND 16, L_0x56122b5e53a0, L_0x7f7e1072f6d8, C4<1111111111111111>, C4<1111111111111111>;
L_0x56122b62c000 .functor AND 16, v0x56122b616f80_0, L_0x56122b62bec0, C4<1111111111111111>, C4<1111111111111111>;
L_0x56122b62c530 .functor OR 1, L_0x56122b62c0c0, L_0x56122b62c380, C4<0>, C4<0>;
L_0x56122b62c4c0 .functor AND 1, L_0x56122b62c880, L_0x56122b62c970, C4<1>, C4<1>;
L_0x56122b62cca0 .functor AND 1, L_0x56122b62c530, L_0x56122b62cbb0, C4<1>, C4<1>;
L_0x56122b62cdf0 .functor NOT 16, v0x56122b618220_0, C4<0000000000000000>, C4<0000000000000000>, C4<0000000000000000>;
v0x56122b6147b0_0 .net *"_ivl_0", 15 0, L_0x56122b62b2c0;  1 drivers
v0x56122b6148b0_0 .net/2u *"_ivl_14", 15 0, L_0x7f7e1072f6d8;  1 drivers
v0x56122b614990_0 .net *"_ivl_16", 15 0, L_0x56122b62b7a0;  1 drivers
v0x56122b614a50_0 .net *"_ivl_18", 15 0, L_0x56122b62b9d0;  1 drivers
v0x56122b614b30_0 .net *"_ivl_2", 11 0, L_0x56122b62b360;  1 drivers
v0x56122b614c60_0 .net *"_ivl_20", 9 0, L_0x56122b62b8b0;  1 drivers
L_0x7f7e1072f720 .functor BUFT 1, C4<000000>, C4<0>, C4<0>, C4<0>;
v0x56122b614d40_0 .net *"_ivl_22", 5 0, L_0x7f7e1072f720;  1 drivers
v0x56122b614e20_0 .net *"_ivl_26", 31 0, L_0x56122b62bc40;  1 drivers
L_0x7f7e1072f768 .functor BUFT 1, C4<0000000000000000>, C4<0>, C4<0>, C4<0>;
v0x56122b614f00_0 .net *"_ivl_29", 15 0, L_0x7f7e1072f768;  1 drivers
L_0x7f7e1072f7b0 .functor BUFT 1, C4<00000000000000000000000000000000>, C4<0>, C4<0>, C4<0>;
v0x56122b614fe0_0 .net/2u *"_ivl_30", 31 0, L_0x7f7e1072f7b0;  1 drivers
v0x56122b6150c0_0 .net *"_ivl_32", 0 0, L_0x56122b62bd30;  1 drivers
v0x56122b615180_0 .net *"_ivl_34", 15 0, L_0x56122b62bec0;  1 drivers
L_0x7f7e1072f7f8 .functor BUFT 1, C4<000000000000000>, C4<0>, C4<0>, C4<0>;
v0x56122b615260_0 .net *"_ivl_37", 14 0, L_0x7f7e1072f7f8;  1 drivers
v0x56122b615340_0 .net *"_ivl_38", 15 0, L_0x56122b62c000;  1 drivers
L_0x7f7e1072f840 .functor BUFT 1, C4<0000000000000000>, C4<0>, C4<0>, C4<0>;
v0x56122b615420_0 .net/2u *"_ivl_40", 15 0, L_0x7f7e1072f840;  1 drivers
v0x56122b615500_0 .net *"_ivl_42", 0 0, L_0x56122b62c0c0;  1 drivers
v0x56122b6155c0_0 .net *"_ivl_44", 31 0, L_0x56122b62c290;  1 drivers
L_0x7f7e1072f888 .functor BUFT 1, C4<0000000000000000>, C4<0>, C4<0>, C4<0>;
v0x56122b6156a0_0 .net *"_ivl_47", 15 0, L_0x7f7e1072f888;  1 drivers
L_0x7f7e1072f8d0 .functor BUFT 1, C4<00000000000000000000000000000000>, C4<0>, C4<0>, C4<0>;
v0x56122b615780_0 .net/2u *"_ivl_48", 31 0, L_0x7f7e1072f8d0;  1 drivers
L_0x7f7e1072f648 .functor BUFT 1, C4<00>, C4<0>, C4<0>, C4<0>;
v0x56122b615860_0 .net *"_ivl_5", 1 0, L_0x7f7e1072f648;  1 drivers
v0x56122b615940_0 .net *"_ivl_50", 0 0, L_0x56122b62c380;  1 drivers
L_0x7f7e1072f918 .functor BUFT 1, C4<10>, C4<0>, C4<0>, C4<0>;
v0x56122b615a00_0 .net/2u *"_ivl_54", 1 0, L_0x7f7e1072f918;  1 drivers
v0x56122b615ae0_0 .net *"_ivl_56", 0 0, L_0x56122b62c880;  1 drivers
L_0x7f7e1072f960 .functor BUFT 1, C4<0000000000000000>, C4<0>, C4<0>, C4<0>;
v0x56122b615ba0_0 .net/2u *"_ivl_58", 15 0, L_0x7f7e1072f960;  1 drivers
v0x56122b615c80_0 .net *"_ivl_60", 0 0, L_0x56122b62c970;  1 drivers
v0x56122b615d40_0 .net *"_ivl_63", 0 0, L_0x56122b62c4c0;  1 drivers
L_0x7f7e1072f690 .functor BUFT 1, C4<000000000000000000000000000000000000000000000000000000000000000000000000000000000000000000000000000000000000000000000000000000000000000000000000000000000000000000000000000000000000000000000000000000000000000000000000000000000000000000000000>, C4<0>, C4<0>, C4<0>;
v0x56122b615e00_0 .net *"_ivl_9", 239 0, L_0x7f7e1072f690;  1 drivers
v0x56122b615ee0_0 .var "cf", 0 0;
v0x56122b615fa0_0 .net "clk", 0 0, v0x56122b6180c0_0;  1 drivers
v0x56122b616060_0 .var "core_mask_loading", 0 0;
v0x56122b616120_0 .net "core_reading", 0 0, v0x56122b618180_0;  1 drivers
v0x56122b6161e0_0 .net "core_ready", 15 0, v0x56122b618220_0;  1 drivers
v0x56122b6162c0 .array "ctrl_data", 0 2;
v0x56122b6162c0_0 .net v0x56122b6162c0 0, 15 0, L_0x56122b5e53a0; 1 drivers
v0x56122b6162c0_1 .net v0x56122b6162c0 1, 15 0, L_0x56122b5e8950; 1 drivers
v0x56122b6162c0_2 .net v0x56122b6162c0 2, 15 0, L_0x56122b5e9690; 1 drivers
v0x56122b616400_0 .net "cur_frame", 255 0, L_0x56122b62b4a0;  1 drivers
v0x56122b6164e0 .array "data_frames", 0 1023, 15 0;
v0x56122b6165a0_0 .net "data_frames_in", 16383 0, v0x56122b618320_0;  1 drivers
v0x56122b616660_0 .net "exec_mask", 15 0, L_0x56122b62cdf0;  1 drivers
v0x56122b616740_0 .var "fence", 1 0;
v0x56122b616820_0 .net "fence_w", 1 0, L_0x56122b62bb10;  1 drivers
v0x56122b616900_0 .net "flag1", 0 0, L_0x56122b62c530;  1 drivers
v0x56122b6169c0_0 .net "flag2", 0 0, L_0x56122b62cbb0;  1 drivers
v0x56122b616a80_0 .net "frame_being_sent", 0 0, o0x7f7e10779248;  alias, 0 drivers
v0x56122b616b40_0 .var "global_tp", 9 0;
v0x56122b616c20_0 .var "if_loading", 0 0;
v0x56122b616ce0_0 .var "if_num", 5 0;
v0x56122b616dc0_0 .var "init_r0_vect", 15 0;
v0x56122b616ea0_0 .var/i "j", 31 0;
v0x56122b616f80_0 .var "last_mask", 15 0;
v0x56122b617060_0 .net "last_mask_w", 15 0, L_0x56122b62b6e0;  1 drivers
v0x56122b617140_0 .var "mess_to_core", 15 0;
v0x56122b617220_0 .var "next_if_num", 5 0;
v0x56122b617300_0 .var "no_collision", 0 0;
v0x56122b6173c0_0 .net "no_wait_cf", 0 0, L_0x56122b62cca0;  1 drivers
v0x56122b617480_0 .net "prog_loading", 0 0, v0x56122b6185b0_0;  1 drivers
v0x56122b617540 .array "r0_data", 0 7;
v0x56122b617540_0 .net v0x56122b617540 0, 15 0, L_0x56122b5eae00; 1 drivers
v0x56122b617540_1 .net v0x56122b617540 1, 15 0, L_0x56122b5ebf60; 1 drivers
v0x56122b617540_2 .net v0x56122b617540 2, 15 0, L_0x56122b5af6d0; 1 drivers
v0x56122b617540_3 .net v0x56122b617540 3, 15 0, L_0x56122b62a0d0; 1 drivers
v0x56122b617540_4 .net v0x56122b617540 4, 15 0, L_0x56122b62a4e0; 1 drivers
v0x56122b617540_5 .net v0x56122b617540 5, 15 0, L_0x56122b62a8f0; 1 drivers
v0x56122b617540_6 .net v0x56122b617540 6, 15 0, L_0x56122b62ad00; 1 drivers
v0x56122b617540_7 .net v0x56122b617540 7, 15 0, L_0x56122b62b110; 1 drivers
v0x56122b617700_0 .var "r0_loading", 0 0;
v0x56122b6177c0_0 .var "r0_mask_loading", 0 0;
v0x56122b617880_0 .var "rel_stop", 0 0;
v0x56122b617940_0 .net "reset", 0 0, v0x56122b618680_0;  1 drivers
v0x56122b617a00_0 .var "wait_it", 0 0;
v0x56122b617ac0_0 .var "wait_not", 0 0;
E_0x56122b5b25e0 .event posedge, v0x56122b615fa0_0;
L_0x56122b62b2c0 .array/port v0x56122b6164e0, L_0x56122b62b360;
L_0x56122b62b360 .concat [ 10 2 0 0], v0x56122b616b40_0, L_0x7f7e1072f648;
L_0x56122b62b4a0 .concat [ 16 240 0 0], L_0x56122b62b2c0, L_0x7f7e1072f690;
L_0x56122b62b8b0 .part L_0x56122b62b7a0, 6, 10;
L_0x56122b62b9d0 .concat [ 10 6 0 0], L_0x56122b62b8b0, L_0x7f7e1072f720;
L_0x56122b62bb10 .part L_0x56122b62b9d0, 0, 2;
L_0x56122b62bc40 .concat [ 16 16 0 0], L_0x56122b62cdf0, L_0x7f7e1072f768;
L_0x56122b62bd30 .cmp/eq 32, L_0x56122b62bc40, L_0x7f7e1072f7b0;
L_0x56122b62bec0 .concat [ 1 15 0 0], L_0x56122b62bd30, L_0x7f7e1072f7f8;
L_0x56122b62c0c0 .cmp/ne 16, L_0x56122b62c000, L_0x7f7e1072f840;
L_0x56122b62c290 .concat [ 16 16 0 0], L_0x56122b62cdf0, L_0x7f7e1072f888;
L_0x56122b62c380 .cmp/eq 32, L_0x56122b62c290, L_0x7f7e1072f8d0;
L_0x56122b62c880 .cmp/eq 2, v0x56122b616740_0, L_0x7f7e1072f918;
L_0x56122b62c970 .cmp/ne 16, L_0x56122b62cdf0, L_0x7f7e1072f960;
L_0x56122b62cbb0 .reduce/nor L_0x56122b62c4c0;
S_0x56122b5d8190 .scope generate, "genblk1[0]" "genblk1[0]" 3 91, 3 91 0, S_0x56122b5d9be0;
 .timescale -9 -10;
P_0x56122b59f2b0 .param/l "a" 0 3 91, +C4<00>;
L_0x56122b5e53a0 .functor BUFZ 16, L_0x56122b618750, C4<0000000000000000>, C4<0000000000000000>, C4<0000000000000000>;
v0x56122b5e5500_0 .net *"_ivl_1", 15 0, L_0x56122b618750;  1 drivers
v0x56122b5e7230_0 .net *"_ivl_3", 31 0, L_0x56122b618850;  1 drivers
L_0x7f7e1072f018 .functor BUFT 1, C4<0000000000000000000000>, C4<0>, C4<0>, C4<0>;
v0x56122b5e8a70_0 .net *"_ivl_6", 21 0, L_0x7f7e1072f018;  1 drivers
L_0x7f7e1072f060 .functor BUFT 1, C4<00000000000000000000000000000000>, C4<0>, C4<0>, C4<0>;
v0x56122b5e97b0_0 .net/2u *"_ivl_7", 31 0, L_0x7f7e1072f060;  1 drivers
v0x56122b5eaf20_0 .net *"_ivl_9", 31 0, L_0x56122b628a10;  1 drivers
L_0x56122b618750 .array/port v0x56122b6164e0, L_0x56122b628a10;
L_0x56122b618850 .concat [ 10 22 0 0], v0x56122b616b40_0, L_0x7f7e1072f018;
L_0x56122b628a10 .arith/sum 32, L_0x56122b618850, L_0x7f7e1072f060;
S_0x56122b60feb0 .scope generate, "genblk1[1]" "genblk1[1]" 3 91, 3 91 0, S_0x56122b5d9be0;
 .timescale -9 -10;
P_0x56122b6100d0 .param/l "a" 0 3 91, +C4<01>;
L_0x56122b5e8950 .functor BUFZ 16, L_0x56122b628bf0, C4<0000000000000000>, C4<0000000000000000>, C4<0000000000000000>;
v0x56122b5ec080_0 .net *"_ivl_1", 15 0, L_0x56122b628bf0;  1 drivers
v0x56122b5eea10_0 .net *"_ivl_3", 31 0, L_0x56122b628c90;  1 drivers
L_0x7f7e1072f0a8 .functor BUFT 1, C4<0000000000000000000000>, C4<0>, C4<0>, C4<0>;
v0x56122b610210_0 .net *"_ivl_6", 21 0, L_0x7f7e1072f0a8;  1 drivers
L_0x7f7e1072f0f0 .functor BUFT 1, C4<00000000000000000000000000000001>, C4<0>, C4<0>, C4<0>;
v0x56122b6102d0_0 .net/2u *"_ivl_7", 31 0, L_0x7f7e1072f0f0;  1 drivers
v0x56122b6103b0_0 .net *"_ivl_9", 31 0, L_0x56122b628e00;  1 drivers
L_0x56122b628bf0 .array/port v0x56122b6164e0, L_0x56122b628e00;
L_0x56122b628c90 .concat [ 10 22 0 0], v0x56122b616b40_0, L_0x7f7e1072f0a8;
L_0x56122b628e00 .arith/sum 32, L_0x56122b628c90, L_0x7f7e1072f0f0;
S_0x56122b6104e0 .scope generate, "genblk1[2]" "genblk1[2]" 3 91, 3 91 0, S_0x56122b5d9be0;
 .timescale -9 -10;
P_0x56122b6106e0 .param/l "a" 0 3 91, +C4<010>;
L_0x56122b5e9690 .functor BUFZ 16, L_0x56122b628fe0, C4<0000000000000000>, C4<0000000000000000>, C4<0000000000000000>;
v0x56122b6107a0_0 .net *"_ivl_1", 15 0, L_0x56122b628fe0;  1 drivers
v0x56122b610880_0 .net *"_ivl_3", 31 0, L_0x56122b629080;  1 drivers
L_0x7f7e1072f138 .functor BUFT 1, C4<0000000000000000000000>, C4<0>, C4<0>, C4<0>;
v0x56122b610960_0 .net *"_ivl_6", 21 0, L_0x7f7e1072f138;  1 drivers
L_0x7f7e1072f180 .functor BUFT 1, C4<00000000000000000000000000000010>, C4<0>, C4<0>, C4<0>;
v0x56122b610a20_0 .net/2u *"_ivl_7", 31 0, L_0x7f7e1072f180;  1 drivers
v0x56122b610b00_0 .net *"_ivl_9", 31 0, L_0x56122b6291f0;  1 drivers
L_0x56122b628fe0 .array/port v0x56122b6164e0, L_0x56122b6291f0;
L_0x56122b629080 .concat [ 10 22 0 0], v0x56122b616b40_0, L_0x7f7e1072f138;
L_0x56122b6291f0 .arith/sum 32, L_0x56122b629080, L_0x7f7e1072f180;
S_0x56122b610c30 .scope generate, "genblk2[0]" "genblk2[0]" 3 95, 3 95 0, S_0x56122b5d9be0;
 .timescale -9 -10;
P_0x56122b610e30 .param/l "a" 0 3 95, +C4<00>;
L_0x56122b5eae00 .functor BUFZ 16, L_0x56122b6293d0, C4<0000000000000000>, C4<0000000000000000>, C4<0000000000000000>;
v0x56122b610f10_0 .net *"_ivl_1", 15 0, L_0x56122b6293d0;  1 drivers
v0x56122b610ff0_0 .net *"_ivl_3", 31 0, L_0x56122b629470;  1 drivers
L_0x7f7e1072f1c8 .functor BUFT 1, C4<0000000000000000000000>, C4<0>, C4<0>, C4<0>;
v0x56122b6110d0_0 .net *"_ivl_6", 21 0, L_0x7f7e1072f1c8;  1 drivers
L_0x7f7e1072f210 .functor BUFT 1, C4<00000000000000000000000000001000>, C4<0>, C4<0>, C4<0>;
v0x56122b611190_0 .net/2u *"_ivl_7", 31 0, L_0x7f7e1072f210;  1 drivers
v0x56122b611270_0 .net *"_ivl_9", 31 0, L_0x56122b629510;  1 drivers
L_0x56122b6293d0 .array/port v0x56122b6164e0, L_0x56122b629510;
L_0x56122b629470 .concat [ 10 22 0 0], v0x56122b616b40_0, L_0x7f7e1072f1c8;
L_0x56122b629510 .arith/sum 32, L_0x56122b629470, L_0x7f7e1072f210;
S_0x56122b6113a0 .scope generate, "genblk2[1]" "genblk2[1]" 3 95, 3 95 0, S_0x56122b5d9be0;
 .timescale -9 -10;
P_0x56122b6115f0 .param/l "a" 0 3 95, +C4<01>;
L_0x56122b5ebf60 .functor BUFZ 16, L_0x56122b6296f0, C4<0000000000000000>, C4<0000000000000000>, C4<0000000000000000>;
v0x56122b6116d0_0 .net *"_ivl_1", 15 0, L_0x56122b6296f0;  1 drivers
v0x56122b6117b0_0 .net *"_ivl_3", 31 0, L_0x56122b629790;  1 drivers
L_0x7f7e1072f258 .functor BUFT 1, C4<0000000000000000000000>, C4<0>, C4<0>, C4<0>;
v0x56122b611890_0 .net *"_ivl_6", 21 0, L_0x7f7e1072f258;  1 drivers
L_0x7f7e1072f2a0 .functor BUFT 1, C4<00000000000000000000000000001001>, C4<0>, C4<0>, C4<0>;
v0x56122b611950_0 .net/2u *"_ivl_7", 31 0, L_0x7f7e1072f2a0;  1 drivers
v0x56122b611a30_0 .net *"_ivl_9", 31 0, L_0x56122b629940;  1 drivers
L_0x56122b6296f0 .array/port v0x56122b6164e0, L_0x56122b629940;
L_0x56122b629790 .concat [ 10 22 0 0], v0x56122b616b40_0, L_0x7f7e1072f258;
L_0x56122b629940 .arith/sum 32, L_0x56122b629790, L_0x7f7e1072f2a0;
S_0x56122b611b60 .scope generate, "genblk2[2]" "genblk2[2]" 3 95, 3 95 0, S_0x56122b5d9be0;
 .timescale -9 -10;
P_0x56122b611d60 .param/l "a" 0 3 95, +C4<010>;
L_0x56122b5af6d0 .functor BUFZ 16, L_0x56122b629ad0, C4<0000000000000000>, C4<0000000000000000>, C4<0000000000000000>;
v0x56122b611e40_0 .net *"_ivl_1", 15 0, L_0x56122b629ad0;  1 drivers
v0x56122b611f20_0 .net *"_ivl_3", 31 0, L_0x56122b629b70;  1 drivers
L_0x7f7e1072f2e8 .functor BUFT 1, C4<0000000000000000000000>, C4<0>, C4<0>, C4<0>;
v0x56122b612000_0 .net *"_ivl_6", 21 0, L_0x7f7e1072f2e8;  1 drivers
L_0x7f7e1072f330 .functor BUFT 1, C4<00000000000000000000000000001010>, C4<0>, C4<0>, C4<0>;
v0x56122b6120c0_0 .net/2u *"_ivl_7", 31 0, L_0x7f7e1072f330;  1 drivers
v0x56122b6121a0_0 .net *"_ivl_9", 31 0, L_0x56122b629c90;  1 drivers
L_0x56122b629ad0 .array/port v0x56122b6164e0, L_0x56122b629c90;
L_0x56122b629b70 .concat [ 10 22 0 0], v0x56122b616b40_0, L_0x7f7e1072f2e8;
L_0x56122b629c90 .arith/sum 32, L_0x56122b629b70, L_0x7f7e1072f330;
S_0x56122b6122d0 .scope generate, "genblk2[3]" "genblk2[3]" 3 95, 3 95 0, S_0x56122b5d9be0;
 .timescale -9 -10;
P_0x56122b6124d0 .param/l "a" 0 3 95, +C4<011>;
L_0x56122b62a0d0 .functor BUFZ 16, L_0x56122b629e70, C4<0000000000000000>, C4<0000000000000000>, C4<0000000000000000>;
v0x56122b6125b0_0 .net *"_ivl_1", 15 0, L_0x56122b629e70;  1 drivers
v0x56122b612690_0 .net *"_ivl_3", 31 0, L_0x56122b629f10;  1 drivers
L_0x7f7e1072f378 .functor BUFT 1, C4<0000000000000000000000>, C4<0>, C4<0>, C4<0>;
v0x56122b612770_0 .net *"_ivl_6", 21 0, L_0x7f7e1072f378;  1 drivers
L_0x7f7e1072f3c0 .functor BUFT 1, C4<00000000000000000000000000001011>, C4<0>, C4<0>, C4<0>;
v0x56122b612830_0 .net/2u *"_ivl_7", 31 0, L_0x7f7e1072f3c0;  1 drivers
v0x56122b612910_0 .net *"_ivl_9", 31 0, L_0x56122b62a030;  1 drivers
L_0x56122b629e70 .array/port v0x56122b6164e0, L_0x56122b62a030;
L_0x56122b629f10 .concat [ 10 22 0 0], v0x56122b616b40_0, L_0x7f7e1072f378;
L_0x56122b62a030 .arith/sum 32, L_0x56122b629f10, L_0x7f7e1072f3c0;
S_0x56122b612a40 .scope generate, "genblk2[4]" "genblk2[4]" 3 95, 3 95 0, S_0x56122b5d9be0;
 .timescale -9 -10;
P_0x56122b612c40 .param/l "a" 0 3 95, +C4<0100>;
L_0x56122b62a4e0 .functor BUFZ 16, L_0x56122b62a280, C4<0000000000000000>, C4<0000000000000000>, C4<0000000000000000>;
v0x56122b612d20_0 .net *"_ivl_1", 15 0, L_0x56122b62a280;  1 drivers
v0x56122b612e00_0 .net *"_ivl_3", 31 0, L_0x56122b62a320;  1 drivers
L_0x7f7e1072f408 .functor BUFT 1, C4<0000000000000000000000>, C4<0>, C4<0>, C4<0>;
v0x56122b612ee0_0 .net *"_ivl_6", 21 0, L_0x7f7e1072f408;  1 drivers
L_0x7f7e1072f450 .functor BUFT 1, C4<00000000000000000000000000001100>, C4<0>, C4<0>, C4<0>;
v0x56122b612fa0_0 .net/2u *"_ivl_7", 31 0, L_0x7f7e1072f450;  1 drivers
v0x56122b613080_0 .net *"_ivl_9", 31 0, L_0x56122b62a440;  1 drivers
L_0x56122b62a280 .array/port v0x56122b6164e0, L_0x56122b62a440;
L_0x56122b62a320 .concat [ 10 22 0 0], v0x56122b616b40_0, L_0x7f7e1072f408;
L_0x56122b62a440 .arith/sum 32, L_0x56122b62a320, L_0x7f7e1072f450;
S_0x56122b6131b0 .scope generate, "genblk2[5]" "genblk2[5]" 3 95, 3 95 0, S_0x56122b5d9be0;
 .timescale -9 -10;
P_0x56122b6115a0 .param/l "a" 0 3 95, +C4<0101>;
L_0x56122b62a8f0 .functor BUFZ 16, L_0x56122b62a690, C4<0000000000000000>, C4<0000000000000000>, C4<0000000000000000>;
v0x56122b613440_0 .net *"_ivl_1", 15 0, L_0x56122b62a690;  1 drivers
v0x56122b613520_0 .net *"_ivl_3", 31 0, L_0x56122b62a730;  1 drivers
L_0x7f7e1072f498 .functor BUFT 1, C4<0000000000000000000000>, C4<0>, C4<0>, C4<0>;
v0x56122b613600_0 .net *"_ivl_6", 21 0, L_0x7f7e1072f498;  1 drivers
L_0x7f7e1072f4e0 .functor BUFT 1, C4<00000000000000000000000000001101>, C4<0>, C4<0>, C4<0>;
v0x56122b6136c0_0 .net/2u *"_ivl_7", 31 0, L_0x7f7e1072f4e0;  1 drivers
v0x56122b6137a0_0 .net *"_ivl_9", 31 0, L_0x56122b62a850;  1 drivers
L_0x56122b62a690 .array/port v0x56122b6164e0, L_0x56122b62a850;
L_0x56122b62a730 .concat [ 10 22 0 0], v0x56122b616b40_0, L_0x7f7e1072f498;
L_0x56122b62a850 .arith/sum 32, L_0x56122b62a730, L_0x7f7e1072f4e0;
S_0x56122b6138d0 .scope generate, "genblk2[6]" "genblk2[6]" 3 95, 3 95 0, S_0x56122b5d9be0;
 .timescale -9 -10;
P_0x56122b613ad0 .param/l "a" 0 3 95, +C4<0110>;
L_0x56122b62ad00 .functor BUFZ 16, L_0x56122b62aaa0, C4<0000000000000000>, C4<0000000000000000>, C4<0000000000000000>;
v0x56122b613bb0_0 .net *"_ivl_1", 15 0, L_0x56122b62aaa0;  1 drivers
v0x56122b613c90_0 .net *"_ivl_3", 31 0, L_0x56122b62ab40;  1 drivers
L_0x7f7e1072f528 .functor BUFT 1, C4<0000000000000000000000>, C4<0>, C4<0>, C4<0>;
v0x56122b613d70_0 .net *"_ivl_6", 21 0, L_0x7f7e1072f528;  1 drivers
L_0x7f7e1072f570 .functor BUFT 1, C4<00000000000000000000000000001110>, C4<0>, C4<0>, C4<0>;
v0x56122b613e30_0 .net/2u *"_ivl_7", 31 0, L_0x7f7e1072f570;  1 drivers
v0x56122b613f10_0 .net *"_ivl_9", 31 0, L_0x56122b62ac60;  1 drivers
L_0x56122b62aaa0 .array/port v0x56122b6164e0, L_0x56122b62ac60;
L_0x56122b62ab40 .concat [ 10 22 0 0], v0x56122b616b40_0, L_0x7f7e1072f528;
L_0x56122b62ac60 .arith/sum 32, L_0x56122b62ab40, L_0x7f7e1072f570;
S_0x56122b614040 .scope generate, "genblk2[7]" "genblk2[7]" 3 95, 3 95 0, S_0x56122b5d9be0;
 .timescale -9 -10;
P_0x56122b614240 .param/l "a" 0 3 95, +C4<0111>;
L_0x56122b62b110 .functor BUFZ 16, L_0x56122b62aeb0, C4<0000000000000000>, C4<0000000000000000>, C4<0000000000000000>;
v0x56122b614320_0 .net *"_ivl_1", 15 0, L_0x56122b62aeb0;  1 drivers
v0x56122b614400_0 .net *"_ivl_3", 31 0, L_0x56122b62af50;  1 drivers
L_0x7f7e1072f5b8 .functor BUFT 1, C4<0000000000000000000000>, C4<0>, C4<0>, C4<0>;
v0x56122b6144e0_0 .net *"_ivl_6", 21 0, L_0x7f7e1072f5b8;  1 drivers
L_0x7f7e1072f600 .functor BUFT 1, C4<00000000000000000000000000001111>, C4<0>, C4<0>, C4<0>;
v0x56122b6145a0_0 .net/2u *"_ivl_7", 31 0, L_0x7f7e1072f600;  1 drivers
v0x56122b614680_0 .net *"_ivl_9", 31 0, L_0x56122b62b070;  1 drivers
L_0x56122b62aeb0 .array/port v0x56122b6164e0, L_0x56122b62b070;
L_0x56122b62af50 .concat [ 10 22 0 0], v0x56122b616b40_0, L_0x7f7e1072f5b8;
L_0x56122b62b070 .arith/sum 32, L_0x56122b62af50, L_0x7f7e1072f600;
S_0x56122b617d00 .scope task, "send_tm_line" "send_tm_line" 2 26, 2 26 0, S_0x56122b591460;
 .timescale -9 -10;
v0x56122b617f00_0 .var "instruction", 15 0;
v0x56122b617fe0_0 .var/i "j", 31 0;
TD_testbench.send_tm_line ;
    %pushi/vec4 0, 0, 32;
    %load/vec4 v0x56122b617fe0_0;
    %cmp/s;
    %flag_get/vec4 4;
    %flag_get/vec4 5;
    %or;
    %load/vec4 v0x56122b617fe0_0;
    %cmpi/s 1023, 0, 32;
    %flag_get/vec4 4;
    %flag_get/vec4 5;
    %or;
    %and;
    %flag_set/vec4 8;
    %jmp/0xz  T_0.0, 8;
    %load/vec4 v0x56122b617f00_0;
    %load/vec4 v0x56122b617fe0_0;
    %pad/s 36;
    %muli 16, 0, 36;
    %ix/vec4/s 4;
    %store/vec4 v0x56122b618320_0, 4, 16;
    %jmp T_0.1;
T_0.0 ;
    %vpi_call 2 32 "$display", "\320\236\321\210\320\270\320\261\320\272\320\260: \320\270\320\275\320\264\320\265\320\272\321\201 \320\262\320\275\320\265 \320\264\320\270\320\260\320\277\320\260\320\267\320\276\320\275\320\260!" {0 0 0};
T_0.1 ;
    %end;
    .scope S_0x56122b5d9be0;
T_1 ;
    %wait E_0x56122b5b25e0;
    %load/vec4 v0x56122b617940_0;
    %flag_set/vec4 8;
    %jmp/0xz  T_1.0, 8;
    %pushi/vec4 0, 0, 2;
    %assign/vec4 v0x56122b616740_0, 0;
    %jmp T_1.1;
T_1.0 ;
    %load/vec4 v0x56122b617480_0;
    %nor/r;
    %load/vec4 v0x56122b616ce0_0;
    %pad/u 32;
    %pushi/vec4 0, 0, 32;
    %cmp/e;
    %flag_get/vec4 4;
    %and;
    %load/vec4 v0x56122b616b40_0;
    %parti/s 4, 0, 2;
    %pushi/vec4 0, 0, 4;
    %cmp/e;
    %flag_get/vec4 4;
    %and;
    %flag_set/vec4 8;
    %jmp/0xz  T_1.2, 8;
    %load/vec4 v0x56122b616820_0;
    %assign/vec4 v0x56122b616740_0, 0;
    %jmp T_1.3;
T_1.2 ;
    %load/vec4 v0x56122b616740_0;
    %assign/vec4 v0x56122b616740_0, 0;
T_1.3 ;
T_1.1 ;
    %jmp T_1;
    .thread T_1;
    .scope S_0x56122b5d9be0;
T_2 ;
    %wait E_0x56122b5b25e0;
    %load/vec4 v0x56122b617940_0;
    %flag_set/vec4 8;
    %jmp/0xz  T_2.0, 8;
    %pushi/vec4 0, 0, 16;
    %assign/vec4 v0x56122b616f80_0, 0;
    %jmp T_2.1;
T_2.0 ;
    %load/vec4 v0x56122b617480_0;
    %nor/r;
    %load/vec4 v0x56122b616ce0_0;
    %pad/u 32;
    %pushi/vec4 0, 0, 32;
    %cmp/e;
    %flag_get/vec4 4;
    %and;
    %load/vec4 v0x56122b616b40_0;
    %parti/s 4, 0, 2;
    %pad/u 32;
    %pushi/vec4 0, 0, 32;
    %cmp/e;
    %flag_get/vec4 4;
    %and;
    %flag_set/vec4 8;
    %jmp/0xz  T_2.2, 8;
    %load/vec4 v0x56122b617060_0;
    %assign/vec4 v0x56122b616f80_0, 0;
    %jmp T_2.3;
T_2.2 ;
    %load/vec4 v0x56122b616f80_0;
    %assign/vec4 v0x56122b616f80_0, 0;
T_2.3 ;
T_2.1 ;
    %jmp T_2;
    .thread T_2;
    .scope S_0x56122b5d9be0;
T_3 ;
    %wait E_0x56122b5b25e0;
    %load/vec4 v0x56122b617940_0;
    %flag_set/vec4 8;
    %jmp/0xz  T_3.0, 8;
    %pushi/vec4 0, 0, 16;
    %assign/vec4 v0x56122b616dc0_0, 0;
    %jmp T_3.1;
T_3.0 ;
    %load/vec4 v0x56122b617480_0;
    %nor/r;
    %load/vec4 v0x56122b616ce0_0;
    %pad/u 32;
    %pushi/vec4 0, 0, 32;
    %cmp/e;
    %flag_get/vec4 4;
    %and;
    %load/vec4 v0x56122b616b40_0;
    %parti/s 4, 0, 2;
    %pad/u 32;
    %pushi/vec4 0, 0, 32;
    %cmp/e;
    %flag_get/vec4 4;
    %and;
    %load/vec4 v0x56122b616120_0;
    %and;
    %flag_set/vec4 8;
    %jmp/0xz  T_3.2, 8;
    %ix/load 4, 2, 0;
    %flag_set/imm 4, 0;
    %load/vec4a v0x56122b6162c0, 4;
    %assign/vec4 v0x56122b616dc0_0, 0;
    %jmp T_3.3;
T_3.2 ;
    %load/vec4 v0x56122b616dc0_0;
    %assign/vec4 v0x56122b616dc0_0, 0;
T_3.3 ;
T_3.1 ;
    %jmp T_3;
    .thread T_3;
    .scope S_0x56122b5d9be0;
T_4 ;
    %wait E_0x56122b5b25e0;
    %load/vec4 v0x56122b617940_0;
    %flag_set/vec4 8;
    %jmp/0xz  T_4.0, 8;
    %pushi/vec4 0, 0, 16;
    %assign/vec4 v0x56122b617140_0, 0;
    %jmp T_4.1;
T_4.0 ;
    %load/vec4 v0x56122b617480_0;
    %nor/r;
    %load/vec4 v0x56122b616120_0;
    %and;
    %load/vec4 v0x56122b616ce0_0;
    %pad/u 32;
    %pushi/vec4 0, 0, 32;
    %cmp/e;
    %flag_get/vec4 4;
    %and;
    %load/vec4 v0x56122b616b40_0;
    %parti/s 4, 0, 2;
    %pad/u 32;
    %pushi/vec4 1, 0, 32;
    %cmp/e;
    %flag_get/vec4 4;
    %and;
    %flag_set/vec4 8;
    %jmp/0xz  T_4.2, 8;
    %load/vec4 v0x56122b616f80_0;
    %assign/vec4 v0x56122b617140_0, 0;
    %jmp T_4.3;
T_4.2 ;
    %load/vec4 v0x56122b617480_0;
    %nor/r;
    %load/vec4 v0x56122b616120_0;
    %and;
    %load/vec4 v0x56122b616ce0_0;
    %pad/u 32;
    %pushi/vec4 0, 0, 32;
    %cmp/e;
    %flag_get/vec4 4;
    %and;
    %load/vec4 v0x56122b616b40_0;
    %parti/s 4, 0, 2;
    %pad/u 32;
    %pushi/vec4 2, 0, 32;
    %cmp/e;
    %flag_get/vec4 4;
    %and;
    %flag_set/vec4 8;
    %jmp/0xz  T_4.4, 8;
    %load/vec4 v0x56122b616dc0_0;
    %assign/vec4 v0x56122b617140_0, 0;
    %jmp T_4.5;
T_4.4 ;
    %load/vec4 v0x56122b617480_0;
    %nor/r;
    %load/vec4 v0x56122b616120_0;
    %and;
    %pushi/vec4 2, 0, 4;
    %load/vec4 v0x56122b616b40_0;
    %parti/s 4, 0, 2;
    %cmp/u;
    %flag_get/vec4 5;
    %load/vec4 v0x56122b616ce0_0;
    %pad/u 32;
    %pushi/vec4 0, 0, 32;
    %cmp/e;
    %flag_get/vec4 4;
    %and;
    %load/vec4 v0x56122b616ce0_0;
    %pad/u 32;
    %pushi/vec4 0, 0, 32;
    %cmp/ne;
    %flag_get/vec4 4;
    %or;
    %and;
    %flag_set/vec4 8;
    %jmp/0xz  T_4.6, 8;
    %load/vec4 v0x56122b616b40_0;
    %parti/s 4, 0, 2;
    %pad/u 5;
    %ix/vec4 4;
    %load/vec4a v0x56122b617540, 4;
    %assign/vec4 v0x56122b617140_0, 0;
    %jmp T_4.7;
T_4.6 ;
    %load/vec4 v0x56122b617140_0;
    %assign/vec4 v0x56122b617140_0, 0;
T_4.7 ;
T_4.5 ;
T_4.3 ;
T_4.1 ;
    %jmp T_4;
    .thread T_4;
    .scope S_0x56122b5d9be0;
T_5 ;
    %wait E_0x56122b5b25e0;
    %load/vec4 v0x56122b617940_0;
    %flag_set/vec4 8;
    %jmp/0xz  T_5.0, 8;
    %pushi/vec4 0, 0, 1;
    %assign/vec4 v0x56122b617300_0, 0;
    %pushi/vec4 0, 0, 1;
    %assign/vec4 v0x56122b617880_0, 0;
    %jmp T_5.1;
T_5.0 ;
    %load/vec4 v0x56122b616f80_0;
    %load/vec4 v0x56122b616660_0;
    %pad/u 32;
    %pushi/vec4 0, 0, 32;
    %cmp/e;
    %flag_get/vec4 4;
    %pad/u 16;
    %and;
    %pushi/vec4 0, 0, 16;
    %cmp/ne;
    %flag_get/vec4 4;
    %load/vec4 v0x56122b616660_0;
    %pad/u 32;
    %pushi/vec4 0, 0, 32;
    %cmp/e;
    %flag_get/vec4 4;
    %or;
    %assign/vec4 v0x56122b617300_0, 0;
    %load/vec4 v0x56122b616740_0;
    %pushi/vec4 2, 0, 2;
    %cmp/e;
    %flag_get/vec4 4;
    %load/vec4 v0x56122b616660_0;
    %pushi/vec4 0, 0, 16;
    %cmp/ne;
    %flag_get/vec4 4;
    %and;
    %nor/r;
    %assign/vec4 v0x56122b617880_0, 0;
T_5.1 ;
    %jmp T_5;
    .thread T_5;
    .scope S_0x56122b5d9be0;
T_6 ;
    %wait E_0x56122b5b25e0;
    %load/vec4 v0x56122b617940_0;
    %flag_set/vec4 8;
    %jmp/0xz  T_6.0, 8;
    %pushi/vec4 1, 0, 1;
    %assign/vec4 v0x56122b617ac0_0, 0;
    %jmp T_6.1;
T_6.0 ;
    %load/vec4 v0x56122b616ce0_0;
    %pad/u 32;
    %pushi/vec4 0, 0, 32;
    %cmp/e;
    %flag_get/vec4 4;
    %load/vec4 v0x56122b616b40_0;
    %parti/s 4, 0, 2;
    %pad/u 32;
    %pushi/vec4 1, 0, 32;
    %cmp/e;
    %flag_get/vec4 4;
    %and;
    %flag_set/vec4 8;
    %jmp/0xz  T_6.2, 8;
    %load/vec4 v0x56122b6173c0_0;
    %assign/vec4 v0x56122b617ac0_0, 0;
    %jmp T_6.3;
T_6.2 ;
    %load/vec4 v0x56122b616ce0_0;
    %pad/u 32;
    %pushi/vec4 0, 0, 32;
    %cmp/e;
    %flag_get/vec4 4;
    %load/vec4 v0x56122b616b40_0;
    %parti/s 4, 0, 2;
    %pad/u 32;
    %pushi/vec4 2, 0, 32;
    %cmp/e;
    %flag_get/vec4 4;
    %and;
    %flag_set/vec4 8;
    %jmp/0xz  T_6.4, 8;
    %pushi/vec4 1, 0, 1;
    %assign/vec4 v0x56122b617ac0_0, 0;
T_6.4 ;
T_6.3 ;
T_6.1 ;
    %jmp T_6;
    .thread T_6;
    .scope S_0x56122b5d9be0;
T_7 ;
    %wait E_0x56122b5b25e0;
    %load/vec4 v0x56122b617940_0;
    %flag_set/vec4 8;
    %jmp/0xz  T_7.0, 8;
    %pushi/vec4 0, 0, 10;
    %assign/vec4 v0x56122b616b40_0, 0;
    %jmp T_7.1;
T_7.0 ;
    %load/vec4 v0x56122b617480_0;
    %nor/r;
    %load/vec4 v0x56122b616ce0_0;
    %pad/u 32;
    %pushi/vec4 0, 0, 32;
    %cmp/e;
    %flag_get/vec4 4;
    %and;
    %load/vec4 v0x56122b616b40_0;
    %parti/s 4, 0, 2;
    %pad/u 32;
    %pushi/vec4 2, 0, 32;
    %cmp/e;
    %flag_get/vec4 4;
    %and;
    %load/vec4 v0x56122b616120_0;
    %and;
    %load/vec4 v0x56122b6173c0_0;
    %and;
    %flag_set/vec4 8;
    %jmp/0xz  T_7.2, 8;
    %load/vec4 v0x56122b616b40_0;
    %addi 6, 0, 10;
    %assign/vec4 v0x56122b616b40_0, 0;
    %jmp T_7.3;
T_7.2 ;
    %load/vec4 v0x56122b617480_0;
    %nor/r;
    %load/vec4 v0x56122b616120_0;
    %and;
    %load/vec4 v0x56122b616ce0_0;
    %pad/u 32;
    %pushi/vec4 0, 0, 32;
    %cmp/ne;
    %flag_get/vec4 4;
    %load/vec4 v0x56122b616b40_0;
    %parti/s 4, 0, 2;
    %pad/u 32;
    %pushi/vec4 2, 0, 32;
    %cmp/ne;
    %flag_get/vec4 4;
    %or;
    %and;
    %load/vec4 v0x56122b616ce0_0;
    %pad/u 32;
    %pushi/vec4 1, 0, 32;
    %cmp/e;
    %flag_get/vec4 4;
    %load/vec4 v0x56122b616b40_0;
    %parti/s 4, 0, 2;
    %pushi/vec4 15, 0, 4;
    %cmp/e;
    %flag_get/vec4 4;
    %and;
    %load/vec4 v0x56122b617a00_0;
    %and;
    %load/vec4 v0x56122b616f80_0;
    %load/vec4 v0x56122b616660_0;
    %pad/u 32;
    %pushi/vec4 0, 0, 32;
    %cmp/ne;
    %flag_get/vec4 4;
    %pad/u 16;
    %and;
    %pushi/vec4 0, 0, 16;
    %cmp/ne;
    %flag_get/vec4 4;
    %and;
    %nor/r;
    %and;
    %flag_set/vec4 8;
    %jmp/0xz  T_7.4, 8;
    %load/vec4 v0x56122b616b40_0;
    %addi 1, 0, 10;
    %assign/vec4 v0x56122b616b40_0, 0;
    %jmp T_7.5;
T_7.4 ;
    %load/vec4 v0x56122b616b40_0;
    %assign/vec4 v0x56122b616b40_0, 0;
T_7.5 ;
T_7.3 ;
T_7.1 ;
    %jmp T_7;
    .thread T_7;
    .scope S_0x56122b5d9be0;
T_8 ;
    %wait E_0x56122b5b25e0;
    %load/vec4 v0x56122b617940_0;
    %flag_set/vec4 8;
    %jmp/0xz  T_8.0, 8;
    %pushi/vec4 0, 0, 6;
    %assign/vec4 v0x56122b616ce0_0, 0;
    %jmp T_8.1;
T_8.0 ;
    %load/vec4 v0x56122b617480_0;
    %nor/r;
    %load/vec4 v0x56122b616ce0_0;
    %pushi/vec4 0, 0, 6;
    %cmp/ne;
    %flag_get/vec4 4;
    %and;
    %load/vec4 v0x56122b616b40_0;
    %parti/s 4, 0, 2;
    %pushi/vec4 15, 0, 4;
    %cmp/e;
    %flag_get/vec4 4;
    %and;
    %load/vec4 v0x56122b616ce0_0;
    %pad/u 32;
    %pushi/vec4 1, 0, 32;
    %cmp/ne;
    %flag_get/vec4 4;
    %load/vec4 v0x56122b617a00_0;
    %load/vec4 v0x56122b616f80_0;
    %load/vec4 v0x56122b616660_0;
    %pad/u 32;
    %pushi/vec4 0, 0, 32;
    %cmp/ne;
    %flag_get/vec4 4;
    %pad/u 16;
    %and;
    %pushi/vec4 0, 0, 16;
    %cmp/ne;
    %flag_get/vec4 4;
    %and;
    %nor/r;
    %or;
    %and;
    %flag_set/vec4 8;
    %jmp/0xz  T_8.2, 8;
    %load/vec4 v0x56122b616ce0_0;
    %subi 1, 0, 6;
    %assign/vec4 v0x56122b616ce0_0, 0;
    %jmp T_8.3;
T_8.2 ;
    %load/vec4 v0x56122b617480_0;
    %nor/r;
    %load/vec4 v0x56122b616ce0_0;
    %pad/u 32;
    %pushi/vec4 0, 0, 32;
    %cmp/e;
    %flag_get/vec4 4;
    %and;
    %load/vec4 v0x56122b616b40_0;
    %parti/s 4, 0, 2;
    %pushi/vec4 15, 0, 4;
    %cmp/e;
    %flag_get/vec4 4;
    %and;
    %flag_set/vec4 8;
    %jmp/0xz  T_8.4, 8;
    %load/vec4 v0x56122b617220_0;
    %assign/vec4 v0x56122b616ce0_0, 0;
    %jmp T_8.5;
T_8.4 ;
    %load/vec4 v0x56122b616ce0_0;
    %assign/vec4 v0x56122b616ce0_0, 0;
T_8.5 ;
T_8.3 ;
T_8.1 ;
    %jmp T_8;
    .thread T_8;
    .scope S_0x56122b5d9be0;
T_9 ;
    %wait E_0x56122b5b25e0;
    %load/vec4 v0x56122b617940_0;
    %flag_set/vec4 8;
    %jmp/0xz  T_9.0, 8;
    %pushi/vec4 0, 0, 6;
    %assign/vec4 v0x56122b617220_0, 0;
    %jmp T_9.1;
T_9.0 ;
    %load/vec4 v0x56122b617480_0;
    %nor/r;
    %load/vec4 v0x56122b616ce0_0;
    %pad/u 32;
    %pushi/vec4 0, 0, 32;
    %cmp/e;
    %flag_get/vec4 4;
    %and;
    %load/vec4 v0x56122b616b40_0;
    %parti/s 4, 0, 2;
    %pad/u 32;
    %pushi/vec4 0, 0, 32;
    %cmp/e;
    %flag_get/vec4 4;
    %and;
    %flag_set/vec4 8;
    %jmp/0xz  T_9.2, 8;
    %ix/load 4, 0, 0;
    %flag_set/imm 4, 0;
    %load/vec4a v0x56122b6162c0, 4;
    %pushi/vec4 63, 0, 16;
    %and;
    %pad/u 6;
    %assign/vec4 v0x56122b617220_0, 0;
    %jmp T_9.3;
T_9.2 ;
    %load/vec4 v0x56122b617220_0;
    %assign/vec4 v0x56122b617220_0, 0;
T_9.3 ;
T_9.1 ;
    %jmp T_9;
    .thread T_9;
    .scope S_0x56122b5d9be0;
T_10 ;
    %wait E_0x56122b5b25e0;
    %load/vec4 v0x56122b617940_0;
    %flag_set/vec4 8;
    %jmp/0xz  T_10.0, 8;
    %pushi/vec4 1, 0, 1;
    %assign/vec4 v0x56122b615ee0_0, 0;
    %jmp T_10.1;
T_10.0 ;
    %load/vec4 v0x56122b617480_0;
    %nor/r;
    %load/vec4 v0x56122b616ce0_0;
    %pad/u 32;
    %pushi/vec4 0, 0, 32;
    %cmp/e;
    %flag_get/vec4 4;
    %and;
    %load/vec4 v0x56122b616120_0;
    %and;
    %load/vec4 v0x56122b616b40_0;
    %parti/s 4, 0, 2;
    %pushi/vec4 15, 0, 4;
    %cmp/e;
    %flag_get/vec4 4;
    %and;
    %load/vec4 v0x56122b617a00_0;
    %load/vec4 v0x56122b616f80_0;
    %load/vec4 v0x56122b616660_0;
    %pad/u 32;
    %pushi/vec4 0, 0, 32;
    %cmp/ne;
    %flag_get/vec4 4;
    %pad/u 16;
    %and;
    %pushi/vec4 0, 0, 16;
    %cmp/ne;
    %flag_get/vec4 4;
    %and;
    %nor/r;
    %and;
    %flag_set/vec4 8;
    %jmp/0xz  T_10.2, 8;
    %pushi/vec4 1, 0, 1;
    %assign/vec4 v0x56122b615ee0_0, 0;
    %jmp T_10.3;
T_10.2 ;
    %load/vec4 v0x56122b617480_0;
    %nor/r;
    %load/vec4 v0x56122b616ce0_0;
    %pad/u 32;
    %pushi/vec4 1, 0, 32;
    %cmp/e;
    %flag_get/vec4 4;
    %and;
    %load/vec4 v0x56122b616b40_0;
    %parti/s 4, 0, 2;
    %pushi/vec4 15, 0, 4;
    %cmp/e;
    %flag_get/vec4 4;
    %and;
    %flag_set/vec4 8;
    %jmp/0xz  T_10.4, 8;
    %pushi/vec4 0, 0, 1;
    %assign/vec4 v0x56122b615ee0_0, 0;
    %jmp T_10.5;
T_10.4 ;
    %load/vec4 v0x56122b615ee0_0;
    %assign/vec4 v0x56122b615ee0_0, 0;
T_10.5 ;
T_10.3 ;
T_10.1 ;
    %jmp T_10;
    .thread T_10;
    .scope S_0x56122b5d9be0;
T_11 ;
    %wait E_0x56122b5b25e0;
    %load/vec4 v0x56122b617940_0;
    %flag_set/vec4 8;
    %jmp/0xz  T_11.0, 8;
    %pushi/vec4 0, 0, 1;
    %assign/vec4 v0x56122b617a00_0, 0;
    %jmp T_11.1;
T_11.0 ;
    %load/vec4 v0x56122b617480_0;
    %nor/r;
    %load/vec4 v0x56122b616ce0_0;
    %pad/u 32;
    %pushi/vec4 0, 0, 32;
    %cmp/e;
    %flag_get/vec4 4;
    %and;
    %load/vec4 v0x56122b616b40_0;
    %pad/u 32;
    %pushi/vec4 1, 0, 32;
    %cmp/e;
    %flag_get/vec4 4;
    %and;
    %load/vec4 v0x56122b616740_0;
    %pushi/vec4 1, 0, 2;
    %cmp/e;
    %flag_get/vec4 4;
    %and;
    %flag_set/vec4 8;
    %jmp/0xz  T_11.2, 8;
    %pushi/vec4 1, 0, 1;
    %assign/vec4 v0x56122b617a00_0, 0;
    %jmp T_11.3;
T_11.2 ;
    %load/vec4 v0x56122b616ce0_0;
    %pad/u 32;
    %pushi/vec4 0, 0, 32;
    %cmp/e;
    %flag_get/vec4 4;
    %load/vec4 v0x56122b616b40_0;
    %parti/s 4, 0, 2;
    %pad/u 32;
    %pushi/vec4 0, 0, 32;
    %cmp/e;
    %flag_get/vec4 4;
    %and;
    %flag_set/vec4 8;
    %jmp/0xz  T_11.4, 8;
    %pushi/vec4 0, 0, 1;
    %assign/vec4 v0x56122b617a00_0, 0;
    %jmp T_11.5;
T_11.4 ;
    %load/vec4 v0x56122b617a00_0;
    %assign/vec4 v0x56122b617a00_0, 0;
T_11.5 ;
T_11.3 ;
T_11.1 ;
    %jmp T_11;
    .thread T_11;
    .scope S_0x56122b5d9be0;
T_12 ;
    %wait E_0x56122b5b25e0;
    %load/vec4 v0x56122b617480_0;
    %flag_set/vec4 8;
    %jmp/0xz  T_12.0, 8;
    %pushi/vec4 0, 0, 32;
    %store/vec4 v0x56122b616ea0_0, 0, 32;
T_12.2 ;
    %load/vec4 v0x56122b616ea0_0;
    %cmpi/s 1024, 0, 32;
    %jmp/0xz T_12.3, 5;
    %load/vec4 v0x56122b6165a0_0;
    %load/vec4 v0x56122b616ea0_0;
    %pad/s 36;
    %muli 16, 0, 36;
    %part/s 16;
    %ix/getv/s 3, v0x56122b616ea0_0;
    %ix/load 4, 0, 0; Constant delay
    %assign/vec4/a/d v0x56122b6164e0, 0, 4;
    ; show_stmt_assign_vector: Get l-value for compressed += operand
    %load/vec4 v0x56122b616ea0_0;
    %pushi/vec4 1, 0, 32;
    %add;
    %store/vec4 v0x56122b616ea0_0, 0, 32;
    %jmp T_12.2;
T_12.3 ;
T_12.0 ;
    %jmp T_12;
    .thread T_12;
    .scope S_0x56122b591460;
T_13 ;
    %delay 10, 0;
    %load/vec4 v0x56122b6180c0_0;
    %inv;
    %store/vec4 v0x56122b6180c0_0, 0, 1;
    %jmp T_13;
    .thread T_13;
    .scope S_0x56122b591460;
T_14 ;
    %pushi/vec4 0, 0, 1;
    %assign/vec4 v0x56122b6180c0_0, 0;
    %pushi/vec4 1, 0, 1;
    %assign/vec4 v0x56122b618680_0, 0;
    %pushi/vec4 65535, 0, 16;
    %assign/vec4 v0x56122b618220_0, 0;
    %pushi/vec4 1, 0, 1;
    %assign/vec4 v0x56122b618180_0, 0;
    %pushi/vec4 1, 0, 1;
    %assign/vec4 v0x56122b6185b0_0, 0;
    %end;
    .thread T_14;
    .scope S_0x56122b591460;
T_15 ;
    %vpi_call 2 89 "$dumpfile", "dump.vcd" {0 0 0};
    %vpi_call 2 89 "$dumpvars", 32'sb00000000000000000000000000000000, S_0x56122b591460 {0 0 0};
    %delay 100, 0;
    %pushi/vec4 0, 0, 1;
    %store/vec4 v0x56122b618680_0, 0, 1;
    %delay 100, 0;
    %pushi/vec4 67, 0, 16;
    %ix/load 4, 0, 0;
    %flag_set/imm 4, 0;
    %store/vec4 v0x56122b618320_0, 4, 16;
    %pushi/vec4 15, 0, 16;
    %ix/load 4, 16, 0;
    %flag_set/imm 4, 0;
    %store/vec4 v0x56122b618320_0, 4, 16;
    %pushi/vec4 15, 0, 16;
    %ix/load 4, 32, 0;
    %flag_set/imm 4, 0;
    %store/vec4 v0x56122b618320_0, 4, 16;
    %pushi/vec4 3, 0, 32;
    %store/vec4 v0x56122b618510_0, 0, 32;
T_15.0 ;
    %load/vec4 v0x56122b618510_0;
    %cmpi/s 64, 0, 32;
    %jmp/0xz T_15.1, 5;
    %vpi_func 2 98 "$random" 32 {0 0 0};
    %pad/s 16;
    %load/vec4 v0x56122b618510_0;
    %pad/s 36;
    %muli 16, 0, 36;
    %ix/vec4/s 4;
    %store/vec4 v0x56122b618320_0, 4, 16;
    %load/vec4 v0x56122b618510_0;
    %addi 1, 0, 32;
    %store/vec4 v0x56122b618510_0, 0, 32;
    %jmp T_15.0;
T_15.1 ;
    %pushi/vec4 3, 0, 16;
    %ix/load 4, 1024, 0;
    %flag_set/imm 4, 0;
    %store/vec4 v0x56122b618320_0, 4, 16;
    %pushi/vec4 240, 0, 16;
    %ix/load 4, 1040, 0;
    %flag_set/imm 4, 0;
    %store/vec4 v0x56122b618320_0, 4, 16;
    %pushi/vec4 240, 0, 16;
    %ix/load 4, 1056, 0;
    %flag_set/imm 4, 0;
    %store/vec4 v0x56122b618320_0, 4, 16;
    %pushi/vec4 67, 0, 32;
    %store/vec4 v0x56122b618510_0, 0, 32;
T_15.2 ;
    %load/vec4 v0x56122b618510_0;
    %cmpi/s 128, 0, 32;
    %jmp/0xz T_15.3, 5;
    %vpi_func 2 108 "$random" 32 {0 0 0};
    %pad/s 16;
    %load/vec4 v0x56122b618510_0;
    %pad/s 36;
    %muli 16, 0, 36;
    %ix/vec4/s 4;
    %store/vec4 v0x56122b618320_0, 4, 16;
    %load/vec4 v0x56122b618510_0;
    %addi 1, 0, 32;
    %store/vec4 v0x56122b618510_0, 0, 32;
    %jmp T_15.2;
T_15.3 ;
    %pushi/vec4 7, 0, 16;
    %ix/load 4, 2048, 0;
    %flag_set/imm 4, 0;
    %store/vec4 v0x56122b618320_0, 4, 16;
    %pushi/vec4 240, 0, 16;
    %ix/load 4, 2064, 0;
    %flag_set/imm 4, 0;
    %store/vec4 v0x56122b618320_0, 4, 16;
    %pushi/vec4 240, 0, 16;
    %ix/load 4, 2080, 0;
    %flag_set/imm 4, 0;
    %store/vec4 v0x56122b618320_0, 4, 16;
    %pushi/vec4 131, 0, 32;
    %store/vec4 v0x56122b618510_0, 0, 32;
T_15.4 ;
    %load/vec4 v0x56122b618510_0;
    %cmpi/s 256, 0, 32;
    %jmp/0xz T_15.5, 5;
    %vpi_func 2 118 "$random" 32 {0 0 0};
    %pad/s 16;
    %load/vec4 v0x56122b618510_0;
    %pad/s 36;
    %muli 16, 0, 36;
    %ix/vec4/s 4;
    %store/vec4 v0x56122b618320_0, 4, 16;
    %load/vec4 v0x56122b618510_0;
    %addi 1, 0, 32;
    %store/vec4 v0x56122b618510_0, 0, 32;
    %jmp T_15.4;
T_15.5 ;
    %pushi/vec4 143, 0, 16;
    %ix/load 4, 4096, 0;
    %flag_set/imm 4, 0;
    %store/vec4 v0x56122b618320_0, 4, 16;
    %pushi/vec4 3840, 0, 16;
    %ix/load 4, 4112, 0;
    %flag_set/imm 4, 0;
    %store/vec4 v0x56122b618320_0, 4, 16;
    %pushi/vec4 3840, 0, 16;
    %ix/load 4, 4128, 0;
    %flag_set/imm 4, 0;
    %store/vec4 v0x56122b618320_0, 4, 16;
    %pushi/vec4 259, 0, 32;
    %store/vec4 v0x56122b618510_0, 0, 32;
T_15.6 ;
    %load/vec4 v0x56122b618510_0;
    %cmpi/s 1024, 0, 32;
    %jmp/0xz T_15.7, 5;
    %vpi_func 2 126 "$random" 32 {0 0 0};
    %pad/s 16;
    %load/vec4 v0x56122b618510_0;
    %pad/s 36;
    %muli 16, 0, 36;
    %ix/vec4/s 4;
    %store/vec4 v0x56122b618320_0, 4, 16;
    %load/vec4 v0x56122b618510_0;
    %addi 1, 0, 32;
    %store/vec4 v0x56122b618510_0, 0, 32;
    %jmp T_15.6;
T_15.7 ;
    %delay 100, 0;
    %pushi/vec4 0, 0, 1;
    %store/vec4 v0x56122b6185b0_0, 0, 1;
    %delay 200, 0;
    %pushi/vec4 65520, 0, 16;
    %store/vec4 v0x56122b618220_0, 0, 16;
    %delay 350, 0;
    %delay 850, 0;
    %pushi/vec4 65280, 0, 16;
    %store/vec4 v0x56122b618220_0, 0, 16;
    %delay 600, 0;
    %pushi/vec4 65295, 0, 16;
    %store/vec4 v0x56122b618220_0, 0, 16;
    %delay 4500, 0;
    %pushi/vec4 65535, 0, 16;
    %store/vec4 v0x56122b618220_0, 0, 16;
    %delay 120, 0;
    %pushi/vec4 65295, 0, 16;
    %store/vec4 v0x56122b618220_0, 0, 16;
    %delay 2400, 0;
    %pushi/vec4 65535, 0, 16;
    %store/vec4 v0x56122b618220_0, 0, 16;
    %delay 20, 0;
    %pushi/vec4 65295, 0, 16;
    %store/vec4 v0x56122b618220_0, 0, 16;
    %delay 3400, 0;
    %pushi/vec4 65535, 0, 16;
    %store/vec4 v0x56122b618220_0, 0, 16;
    %delay 1900, 0;
    %delay 4500, 0;
    %delay 4500, 0;
    %vpi_call 2 176 "$finish" {0 0 0};
    %end;
    .thread T_15;
# The file index is used to find the file name in the following table.
:file_names 4;
    "N/A";
    "<interactive>";
    "../testbench.v";
    "../new_sched.v";
